{
 "cells": [
  {
   "cell_type": "markdown",
   "metadata": {},
   "source": [
    "# Part 3: Executing SQL queries\n",
    "\n",
    "To both practice SQL queries and ensure queries can be implemented on the database without errors several queries will be executed in this part."
   ]
  },
  {
   "cell_type": "markdown",
   "metadata": {},
   "source": [
    "### Needed to alter IUCR column name"
   ]
  },
  {
   "cell_type": "code",
   "execution_count": 10,
   "metadata": {},
   "outputs": [
    {
     "name": "stdout",
     "output_type": "stream",
     "text": [
      " * postgres://steinn:***@pgsql.dsa.lan/dsa_student\n",
      "Done.\n"
     ]
    },
    {
     "data": {
      "text/plain": [
       "[]"
      ]
     },
     "execution_count": 10,
     "metadata": {},
     "output_type": "execute_result"
    }
   ],
   "source": [
    "%%sql\n",
    "ALTER TABLE case_reporting RENAME COLUMN \"IUCR\" TO IUCR;"
   ]
  },
  {
   "cell_type": "code",
   "execution_count": 11,
   "metadata": {},
   "outputs": [
    {
     "name": "stdout",
     "output_type": "stream",
     "text": [
      " * postgres://steinn:***@pgsql.dsa.lan/dsa_student\n",
      "Done.\n"
     ]
    },
    {
     "data": {
      "text/plain": [
       "[]"
      ]
     },
     "execution_count": 11,
     "metadata": {},
     "output_type": "execute_result"
    }
   ],
   "source": [
    "%%sql\n",
    "ALTER TABLE case_information RENAME COLUMN \"IUCR\" TO IUCR;"
   ]
  },
  {
   "cell_type": "markdown",
   "metadata": {},
   "source": [
    "# Execute queries for the data"
   ]
  },
  {
   "cell_type": "code",
   "execution_count": 1,
   "metadata": {},
   "outputs": [],
   "source": [
    "SSO=\"steinn\"\n",
    "hostname='pgsql.dsa.lan'\n",
    "database='dsa_student'"
   ]
  },
  {
   "cell_type": "code",
   "execution_count": 2,
   "metadata": {
    "scrolled": true
   },
   "outputs": [
    {
     "name": "stdout",
     "output_type": "stream",
     "text": [
      "Type Password and hit enter········\n"
     ]
    }
   ],
   "source": [
    "import getpass\n",
    "read_password = getpass.getpass(\"Type Password and hit enter\")"
   ]
  },
  {
   "cell_type": "code",
   "execution_count": 3,
   "metadata": {},
   "outputs": [],
   "source": [
    "connection_string = f\"postgres://{SSO}:{read_password}@{hostname}/{database}\""
   ]
  },
  {
   "cell_type": "code",
   "execution_count": 4,
   "metadata": {},
   "outputs": [
    {
     "data": {
      "text/plain": [
       "'Connected: steinn@dsa_student'"
      ]
     },
     "execution_count": 4,
     "metadata": {},
     "output_type": "execute_result"
    }
   ],
   "source": [
    "%load_ext sql\n",
    "%sql $connection_string "
   ]
  },
  {
   "cell_type": "markdown",
   "metadata": {},
   "source": [
    "### Showing how many different types of location_description have \"residence\" or \"residential\""
   ]
  },
  {
   "cell_type": "code",
   "execution_count": 5,
   "metadata": {},
   "outputs": [
    {
     "name": "stdout",
     "output_type": "stream",
     "text": [
      " * postgres://steinn:***@pgsql.dsa.lan/dsa_student\n",
      "4 rows affected.\n"
     ]
    },
    {
     "data": {
      "text/html": [
       "<table>\n",
       "    <tr>\n",
       "        <th>QUERY PLAN</th>\n",
       "    </tr>\n",
       "    <tr>\n",
       "        <td>HashAggregate  (cost=7518.52..7519.58 rows=106 width=11)</td>\n",
       "    </tr>\n",
       "    <tr>\n",
       "        <td>&nbsp;&nbsp;Group Key: location_description</td>\n",
       "    </tr>\n",
       "    <tr>\n",
       "        <td>&nbsp;&nbsp;-&gt;  Seq Scan on case_location  (cost=0.00..7369.75 rows=59507 width=11)</td>\n",
       "    </tr>\n",
       "    <tr>\n",
       "        <td>&nbsp;&nbsp;&nbsp;&nbsp;&nbsp;&nbsp;&nbsp;&nbsp;Filter: ((location_description ~~ &#x27;%RESIDENCE%&#x27;::text) OR (location_description ~~ &#x27;%RESIDENTIAL%&#x27;::text))</td>\n",
       "    </tr>\n",
       "</table>"
      ],
      "text/plain": [
       "[('HashAggregate  (cost=7518.52..7519.58 rows=106 width=11)',),\n",
       " ('  Group Key: location_description',),\n",
       " ('  ->  Seq Scan on case_location  (cost=0.00..7369.75 rows=59507 width=11)',),\n",
       " (\"        Filter: ((location_description ~~ '%RESIDENCE%'::text) OR (location_description ~~ '%RESIDENTIAL%'::text))\",)]"
      ]
     },
     "execution_count": 5,
     "metadata": {},
     "output_type": "execute_result"
    }
   ],
   "source": [
    "%%sql\n",
    "EXPLAIN\n",
    "SELECT DISTINCT location_description FROM case_location\n",
    "WHERE location_description LIKE '%RESIDENCE%' \n",
    "    OR location_description LIKE '%RESIDENTIAL%';"
   ]
  },
  {
   "cell_type": "code",
   "execution_count": 6,
   "metadata": {
    "scrolled": true
   },
   "outputs": [
    {
     "name": "stdout",
     "output_type": "stream",
     "text": [
      " * postgres://steinn:***@pgsql.dsa.lan/dsa_student\n",
      "9 rows affected.\n"
     ]
    },
    {
     "data": {
      "text/html": [
       "<table>\n",
       "    <tr>\n",
       "        <th>location_description</th>\n",
       "    </tr>\n",
       "    <tr>\n",
       "        <td>RESIDENCE - YARD (FRONT / BACK)</td>\n",
       "    </tr>\n",
       "    <tr>\n",
       "        <td>RESIDENTIAL YARD (FRONT/BACK)</td>\n",
       "    </tr>\n",
       "    <tr>\n",
       "        <td>RESIDENCE - PORCH / HALLWAY</td>\n",
       "    </tr>\n",
       "    <tr>\n",
       "        <td>RESIDENCE-GARAGE</td>\n",
       "    </tr>\n",
       "    <tr>\n",
       "        <td>RESIDENCE</td>\n",
       "    </tr>\n",
       "    <tr>\n",
       "        <td>COLLEGE/UNIVERSITY RESIDENCE HALL</td>\n",
       "    </tr>\n",
       "    <tr>\n",
       "        <td>DRIVEWAY - RESIDENTIAL</td>\n",
       "    </tr>\n",
       "    <tr>\n",
       "        <td>RESIDENCE PORCH/HALLWAY</td>\n",
       "    </tr>\n",
       "    <tr>\n",
       "        <td>PARKING LOT / GARAGE (NON RESIDENTIAL)</td>\n",
       "    </tr>\n",
       "</table>"
      ],
      "text/plain": [
       "[('RESIDENCE - YARD (FRONT / BACK)',),\n",
       " ('RESIDENTIAL YARD (FRONT/BACK)',),\n",
       " ('RESIDENCE - PORCH / HALLWAY',),\n",
       " ('RESIDENCE-GARAGE',),\n",
       " ('RESIDENCE',),\n",
       " ('COLLEGE/UNIVERSITY RESIDENCE HALL',),\n",
       " ('DRIVEWAY - RESIDENTIAL',),\n",
       " ('RESIDENCE PORCH/HALLWAY',),\n",
       " ('PARKING LOT / GARAGE (NON RESIDENTIAL)',)]"
      ]
     },
     "execution_count": 6,
     "metadata": {},
     "output_type": "execute_result"
    }
   ],
   "source": [
    "%%sql\n",
    "SELECT DISTINCT location_description FROM case_location\n",
    "WHERE location_description LIKE '%RESIDENCE%' \n",
    "    OR location_description LIKE '%RESIDENTIAL%';"
   ]
  },
  {
   "cell_type": "markdown",
   "metadata": {},
   "source": [
    "### Showing primary type that happened on the 13th of February"
   ]
  },
  {
   "cell_type": "code",
   "execution_count": 15,
   "metadata": {},
   "outputs": [
    {
     "name": "stdout",
     "output_type": "stream",
     "text": [
      " * postgres://steinn:***@pgsql.dsa.lan/dsa_student\n",
      "15 rows affected.\n"
     ]
    },
    {
     "data": {
      "text/html": [
       "<table>\n",
       "    <tr>\n",
       "        <th>QUERY PLAN</th>\n",
       "    </tr>\n",
       "    <tr>\n",
       "        <td>Unique  (cost=6676.47..6683.82 rows=30 width=14)</td>\n",
       "    </tr>\n",
       "    <tr>\n",
       "        <td>&nbsp;&nbsp;-&gt;  Group  (cost=6676.47..6683.74 rows=30 width=14)</td>\n",
       "    </tr>\n",
       "    <tr>\n",
       "        <td>&nbsp;&nbsp;&nbsp;&nbsp;&nbsp;&nbsp;&nbsp;&nbsp;Group Key: cr.primary_type</td>\n",
       "    </tr>\n",
       "    <tr>\n",
       "        <td>&nbsp;&nbsp;&nbsp;&nbsp;&nbsp;&nbsp;&nbsp;&nbsp;-&gt;  Gather Merge  (cost=6676.47..6683.59 rows=60 width=14)</td>\n",
       "    </tr>\n",
       "    <tr>\n",
       "        <td>&nbsp;&nbsp;&nbsp;&nbsp;&nbsp;&nbsp;&nbsp;&nbsp;&nbsp;&nbsp;&nbsp;&nbsp;&nbsp;&nbsp;Workers Planned: 2</td>\n",
       "    </tr>\n",
       "    <tr>\n",
       "        <td>&nbsp;&nbsp;&nbsp;&nbsp;&nbsp;&nbsp;&nbsp;&nbsp;&nbsp;&nbsp;&nbsp;&nbsp;&nbsp;&nbsp;-&gt;  Group  (cost=5676.45..5676.65 rows=30 width=14)</td>\n",
       "    </tr>\n",
       "    <tr>\n",
       "        <td>&nbsp;&nbsp;&nbsp;&nbsp;&nbsp;&nbsp;&nbsp;&nbsp;&nbsp;&nbsp;&nbsp;&nbsp;&nbsp;&nbsp;&nbsp;&nbsp;&nbsp;&nbsp;&nbsp;&nbsp;Group Key: cr.primary_type</td>\n",
       "    </tr>\n",
       "    <tr>\n",
       "        <td>&nbsp;&nbsp;&nbsp;&nbsp;&nbsp;&nbsp;&nbsp;&nbsp;&nbsp;&nbsp;&nbsp;&nbsp;&nbsp;&nbsp;&nbsp;&nbsp;&nbsp;&nbsp;&nbsp;&nbsp;-&gt;  Sort  (cost=5676.45..5676.55 rows=40 width=14)</td>\n",
       "    </tr>\n",
       "    <tr>\n",
       "        <td>&nbsp;&nbsp;&nbsp;&nbsp;&nbsp;&nbsp;&nbsp;&nbsp;&nbsp;&nbsp;&nbsp;&nbsp;&nbsp;&nbsp;&nbsp;&nbsp;&nbsp;&nbsp;&nbsp;&nbsp;&nbsp;&nbsp;&nbsp;&nbsp;&nbsp;&nbsp;Sort Key: cr.primary_type</td>\n",
       "    </tr>\n",
       "    <tr>\n",
       "        <td>&nbsp;&nbsp;&nbsp;&nbsp;&nbsp;&nbsp;&nbsp;&nbsp;&nbsp;&nbsp;&nbsp;&nbsp;&nbsp;&nbsp;&nbsp;&nbsp;&nbsp;&nbsp;&nbsp;&nbsp;&nbsp;&nbsp;&nbsp;&nbsp;&nbsp;&nbsp;-&gt;  Hash Join  (cost=12.30..5675.38 rows=40 width=14)</td>\n",
       "    </tr>\n",
       "    <tr>\n",
       "        <td>&nbsp;&nbsp;&nbsp;&nbsp;&nbsp;&nbsp;&nbsp;&nbsp;&nbsp;&nbsp;&nbsp;&nbsp;&nbsp;&nbsp;&nbsp;&nbsp;&nbsp;&nbsp;&nbsp;&nbsp;&nbsp;&nbsp;&nbsp;&nbsp;&nbsp;&nbsp;&nbsp;&nbsp;&nbsp;&nbsp;&nbsp;&nbsp;Hash Cond: ((ci.iucr = cr.iucr) AND (ci.fbi_code = cr.fbi_code))</td>\n",
       "    </tr>\n",
       "    <tr>\n",
       "        <td>&nbsp;&nbsp;&nbsp;&nbsp;&nbsp;&nbsp;&nbsp;&nbsp;&nbsp;&nbsp;&nbsp;&nbsp;&nbsp;&nbsp;&nbsp;&nbsp;&nbsp;&nbsp;&nbsp;&nbsp;&nbsp;&nbsp;&nbsp;&nbsp;&nbsp;&nbsp;&nbsp;&nbsp;&nbsp;&nbsp;&nbsp;&nbsp;-&gt;  Parallel Seq Scan on case_information ci  (cost=0.00..5653.93 rows=700 width=8)</td>\n",
       "    </tr>\n",
       "    <tr>\n",
       "        <td>&nbsp;&nbsp;&nbsp;&nbsp;&nbsp;&nbsp;&nbsp;&nbsp;&nbsp;&nbsp;&nbsp;&nbsp;&nbsp;&nbsp;&nbsp;&nbsp;&nbsp;&nbsp;&nbsp;&nbsp;&nbsp;&nbsp;&nbsp;&nbsp;&nbsp;&nbsp;&nbsp;&nbsp;&nbsp;&nbsp;&nbsp;&nbsp;&nbsp;&nbsp;&nbsp;&nbsp;&nbsp;&nbsp;Filter: ((date)::date = &#x27;2012-02-13&#x27;::date)</td>\n",
       "    </tr>\n",
       "    <tr>\n",
       "        <td>&nbsp;&nbsp;&nbsp;&nbsp;&nbsp;&nbsp;&nbsp;&nbsp;&nbsp;&nbsp;&nbsp;&nbsp;&nbsp;&nbsp;&nbsp;&nbsp;&nbsp;&nbsp;&nbsp;&nbsp;&nbsp;&nbsp;&nbsp;&nbsp;&nbsp;&nbsp;&nbsp;&nbsp;&nbsp;&nbsp;&nbsp;&nbsp;-&gt;  Hash  (cost=7.32..7.32 rows=332 width=22)</td>\n",
       "    </tr>\n",
       "    <tr>\n",
       "        <td>&nbsp;&nbsp;&nbsp;&nbsp;&nbsp;&nbsp;&nbsp;&nbsp;&nbsp;&nbsp;&nbsp;&nbsp;&nbsp;&nbsp;&nbsp;&nbsp;&nbsp;&nbsp;&nbsp;&nbsp;&nbsp;&nbsp;&nbsp;&nbsp;&nbsp;&nbsp;&nbsp;&nbsp;&nbsp;&nbsp;&nbsp;&nbsp;&nbsp;&nbsp;&nbsp;&nbsp;&nbsp;&nbsp;-&gt;  Seq Scan on case_reporting cr  (cost=0.00..7.32 rows=332 width=22)</td>\n",
       "    </tr>\n",
       "</table>"
      ],
      "text/plain": [
       "[('Unique  (cost=6676.47..6683.82 rows=30 width=14)',),\n",
       " ('  ->  Group  (cost=6676.47..6683.74 rows=30 width=14)',),\n",
       " ('        Group Key: cr.primary_type',),\n",
       " ('        ->  Gather Merge  (cost=6676.47..6683.59 rows=60 width=14)',),\n",
       " ('              Workers Planned: 2',),\n",
       " ('              ->  Group  (cost=5676.45..5676.65 rows=30 width=14)',),\n",
       " ('                    Group Key: cr.primary_type',),\n",
       " ('                    ->  Sort  (cost=5676.45..5676.55 rows=40 width=14)',),\n",
       " ('                          Sort Key: cr.primary_type',),\n",
       " ('                          ->  Hash Join  (cost=12.30..5675.38 rows=40 width=14)',),\n",
       " ('                                Hash Cond: ((ci.iucr = cr.iucr) AND (ci.fbi_code = cr.fbi_code))',),\n",
       " ('                                ->  Parallel Seq Scan on case_information ci  (cost=0.00..5653.93 rows=700 width=8)',),\n",
       " (\"                                      Filter: ((date)::date = '2012-02-13'::date)\",),\n",
       " ('                                ->  Hash  (cost=7.32..7.32 rows=332 width=22)',),\n",
       " ('                                      ->  Seq Scan on case_reporting cr  (cost=0.00..7.32 rows=332 width=22)',)]"
      ]
     },
     "execution_count": 15,
     "metadata": {},
     "output_type": "execute_result"
    }
   ],
   "source": [
    "%%sql\n",
    "EXPLAIN\n",
    "SELECT DISTINCT cr.primary_type\n",
    "FROM case_reporting cr\n",
    "JOIN case_information ci ON cr.IUCR = ci.IUCR AND cr.fbi_code = ci.fbi_code\n",
    "WHERE date::date = '2012-02-013'\n",
    "GROUP BY cr.primary_type"
   ]
  },
  {
   "cell_type": "code",
   "execution_count": 16,
   "metadata": {},
   "outputs": [
    {
     "name": "stdout",
     "output_type": "stream",
     "text": [
      " * postgres://steinn:***@pgsql.dsa.lan/dsa_student\n",
      "21 rows affected.\n"
     ]
    },
    {
     "data": {
      "text/html": [
       "<table>\n",
       "    <tr>\n",
       "        <th>primary_type</th>\n",
       "    </tr>\n",
       "    <tr>\n",
       "        <td>ASSAULT</td>\n",
       "    </tr>\n",
       "    <tr>\n",
       "        <td>BATTERY</td>\n",
       "    </tr>\n",
       "    <tr>\n",
       "        <td>BURGLARY</td>\n",
       "    </tr>\n",
       "    <tr>\n",
       "        <td>CRIMINAL DAMAGE</td>\n",
       "    </tr>\n",
       "    <tr>\n",
       "        <td>CRIMINAL TRESPASS</td>\n",
       "    </tr>\n",
       "    <tr>\n",
       "        <td>CRIM SEXUAL ASSAULT</td>\n",
       "    </tr>\n",
       "    <tr>\n",
       "        <td>DECEPTIVE PRACTICE</td>\n",
       "    </tr>\n",
       "    <tr>\n",
       "        <td>INTERFERENCE WITH PUBLIC OFFICER</td>\n",
       "    </tr>\n",
       "    <tr>\n",
       "        <td>INTIMIDATION</td>\n",
       "    </tr>\n",
       "    <tr>\n",
       "        <td>KIDNAPPING</td>\n",
       "    </tr>\n",
       "    <tr>\n",
       "        <td>LIQUOR LAW VIOLATION</td>\n",
       "    </tr>\n",
       "    <tr>\n",
       "        <td>MOTOR VEHICLE THEFT</td>\n",
       "    </tr>\n",
       "    <tr>\n",
       "        <td>NARCOTICS</td>\n",
       "    </tr>\n",
       "    <tr>\n",
       "        <td>OFFENSE INVOLVING CHILDREN</td>\n",
       "    </tr>\n",
       "    <tr>\n",
       "        <td>OTHER OFFENSE</td>\n",
       "    </tr>\n",
       "    <tr>\n",
       "        <td>PROSTITUTION</td>\n",
       "    </tr>\n",
       "    <tr>\n",
       "        <td>PUBLIC PEACE VIOLATION</td>\n",
       "    </tr>\n",
       "    <tr>\n",
       "        <td>ROBBERY</td>\n",
       "    </tr>\n",
       "    <tr>\n",
       "        <td>SEX OFFENSE</td>\n",
       "    </tr>\n",
       "    <tr>\n",
       "        <td>THEFT</td>\n",
       "    </tr>\n",
       "    <tr>\n",
       "        <td>WEAPONS VIOLATION</td>\n",
       "    </tr>\n",
       "</table>"
      ],
      "text/plain": [
       "[('ASSAULT',),\n",
       " ('BATTERY',),\n",
       " ('BURGLARY',),\n",
       " ('CRIMINAL DAMAGE',),\n",
       " ('CRIMINAL TRESPASS',),\n",
       " ('CRIM SEXUAL ASSAULT',),\n",
       " ('DECEPTIVE PRACTICE',),\n",
       " ('INTERFERENCE WITH PUBLIC OFFICER',),\n",
       " ('INTIMIDATION',),\n",
       " ('KIDNAPPING',),\n",
       " ('LIQUOR LAW VIOLATION',),\n",
       " ('MOTOR VEHICLE THEFT',),\n",
       " ('NARCOTICS',),\n",
       " ('OFFENSE INVOLVING CHILDREN',),\n",
       " ('OTHER OFFENSE',),\n",
       " ('PROSTITUTION',),\n",
       " ('PUBLIC PEACE VIOLATION',),\n",
       " ('ROBBERY',),\n",
       " ('SEX OFFENSE',),\n",
       " ('THEFT',),\n",
       " ('WEAPONS VIOLATION',)]"
      ]
     },
     "execution_count": 16,
     "metadata": {},
     "output_type": "execute_result"
    }
   ],
   "source": [
    "%%sql\n",
    "SELECT DISTINCT cr.primary_type\n",
    "FROM case_reporting cr\n",
    "JOIN case_information ci ON cr.IUCR = ci.IUCR AND cr.fbi_code = ci.fbi_code\n",
    "WHERE date::date = '2012-02-013'\n",
    "GROUP BY cr.primary_type"
   ]
  },
  {
   "cell_type": "markdown",
   "metadata": {},
   "source": [
    "### Showing month with largest number of thefts"
   ]
  },
  {
   "cell_type": "code",
   "execution_count": 27,
   "metadata": {},
   "outputs": [
    {
     "name": "stdout",
     "output_type": "stream",
     "text": [
      " * postgres://steinn:***@pgsql.dsa.lan/dsa_student\n",
      "15 rows affected.\n"
     ]
    },
    {
     "data": {
      "text/html": [
       "<table>\n",
       "    <tr>\n",
       "        <th>QUERY PLAN</th>\n",
       "    </tr>\n",
       "    <tr>\n",
       "        <td>Limit  (cost=740303.67..740303.67 rows=1 width=54)</td>\n",
       "    </tr>\n",
       "    <tr>\n",
       "        <td>&nbsp;&nbsp;-&gt;  Sort  (cost=740303.67..741741.97 rows=575322 width=54)</td>\n",
       "    </tr>\n",
       "    <tr>\n",
       "        <td>&nbsp;&nbsp;&nbsp;&nbsp;&nbsp;&nbsp;&nbsp;&nbsp;Sort Key: (count(*)) DESC</td>\n",
       "    </tr>\n",
       "    <tr>\n",
       "        <td>&nbsp;&nbsp;&nbsp;&nbsp;&nbsp;&nbsp;&nbsp;&nbsp;-&gt;  GroupAggregate  (cost=693259.14..737427.06 rows=575322 width=54)</td>\n",
       "    </tr>\n",
       "    <tr>\n",
       "        <td>&nbsp;&nbsp;&nbsp;&nbsp;&nbsp;&nbsp;&nbsp;&nbsp;&nbsp;&nbsp;&nbsp;&nbsp;&nbsp;&nbsp;Group Key: (to_char(case_information.date, &#x27;MM&#x27;::text)), p_type.primary_type</td>\n",
       "    </tr>\n",
       "    <tr>\n",
       "        <td>&nbsp;&nbsp;&nbsp;&nbsp;&nbsp;&nbsp;&nbsp;&nbsp;&nbsp;&nbsp;&nbsp;&nbsp;&nbsp;&nbsp;-&gt;  Sort  (cost=693259.14..702503.24 rows=3697639 width=46)</td>\n",
       "    </tr>\n",
       "    <tr>\n",
       "        <td>&nbsp;&nbsp;&nbsp;&nbsp;&nbsp;&nbsp;&nbsp;&nbsp;&nbsp;&nbsp;&nbsp;&nbsp;&nbsp;&nbsp;&nbsp;&nbsp;&nbsp;&nbsp;&nbsp;&nbsp;Sort Key: (to_char(case_information.date, &#x27;MM&#x27;::text)), p_type.primary_type</td>\n",
       "    </tr>\n",
       "    <tr>\n",
       "        <td>&nbsp;&nbsp;&nbsp;&nbsp;&nbsp;&nbsp;&nbsp;&nbsp;&nbsp;&nbsp;&nbsp;&nbsp;&nbsp;&nbsp;&nbsp;&nbsp;&nbsp;&nbsp;&nbsp;&nbsp;-&gt;  Nested Loop  (cost=0.00..62387.51 rows=3697639 width=46)</td>\n",
       "    </tr>\n",
       "    <tr>\n",
       "        <td>&nbsp;&nbsp;&nbsp;&nbsp;&nbsp;&nbsp;&nbsp;&nbsp;&nbsp;&nbsp;&nbsp;&nbsp;&nbsp;&nbsp;&nbsp;&nbsp;&nbsp;&nbsp;&nbsp;&nbsp;&nbsp;&nbsp;&nbsp;&nbsp;&nbsp;&nbsp;-&gt;  Seq Scan on case_information  (cost=0.00..6914.49 rows=336149 width=8)</td>\n",
       "    </tr>\n",
       "    <tr>\n",
       "        <td>&nbsp;&nbsp;&nbsp;&nbsp;&nbsp;&nbsp;&nbsp;&nbsp;&nbsp;&nbsp;&nbsp;&nbsp;&nbsp;&nbsp;&nbsp;&nbsp;&nbsp;&nbsp;&nbsp;&nbsp;&nbsp;&nbsp;&nbsp;&nbsp;&nbsp;&nbsp;-&gt;  Materialize  (cost=0.00..8.46 rows=11 width=14)</td>\n",
       "    </tr>\n",
       "    <tr>\n",
       "        <td>&nbsp;&nbsp;&nbsp;&nbsp;&nbsp;&nbsp;&nbsp;&nbsp;&nbsp;&nbsp;&nbsp;&nbsp;&nbsp;&nbsp;&nbsp;&nbsp;&nbsp;&nbsp;&nbsp;&nbsp;&nbsp;&nbsp;&nbsp;&nbsp;&nbsp;&nbsp;&nbsp;&nbsp;&nbsp;&nbsp;&nbsp;&nbsp;-&gt;  Subquery Scan on p_type  (cost=0.00..8.40 rows=11 width=14)</td>\n",
       "    </tr>\n",
       "    <tr>\n",
       "        <td>&nbsp;&nbsp;&nbsp;&nbsp;&nbsp;&nbsp;&nbsp;&nbsp;&nbsp;&nbsp;&nbsp;&nbsp;&nbsp;&nbsp;&nbsp;&nbsp;&nbsp;&nbsp;&nbsp;&nbsp;&nbsp;&nbsp;&nbsp;&nbsp;&nbsp;&nbsp;&nbsp;&nbsp;&nbsp;&nbsp;&nbsp;&nbsp;&nbsp;&nbsp;&nbsp;&nbsp;&nbsp;&nbsp;-&gt;  GroupAggregate  (cost=0.00..8.29 rows=11 width=22)</td>\n",
       "    </tr>\n",
       "    <tr>\n",
       "        <td>&nbsp;&nbsp;&nbsp;&nbsp;&nbsp;&nbsp;&nbsp;&nbsp;&nbsp;&nbsp;&nbsp;&nbsp;&nbsp;&nbsp;&nbsp;&nbsp;&nbsp;&nbsp;&nbsp;&nbsp;&nbsp;&nbsp;&nbsp;&nbsp;&nbsp;&nbsp;&nbsp;&nbsp;&nbsp;&nbsp;&nbsp;&nbsp;&nbsp;&nbsp;&nbsp;&nbsp;&nbsp;&nbsp;&nbsp;&nbsp;&nbsp;&nbsp;&nbsp;&nbsp;Group Key: case_reporting.primary_type</td>\n",
       "    </tr>\n",
       "    <tr>\n",
       "        <td>&nbsp;&nbsp;&nbsp;&nbsp;&nbsp;&nbsp;&nbsp;&nbsp;&nbsp;&nbsp;&nbsp;&nbsp;&nbsp;&nbsp;&nbsp;&nbsp;&nbsp;&nbsp;&nbsp;&nbsp;&nbsp;&nbsp;&nbsp;&nbsp;&nbsp;&nbsp;&nbsp;&nbsp;&nbsp;&nbsp;&nbsp;&nbsp;&nbsp;&nbsp;&nbsp;&nbsp;&nbsp;&nbsp;&nbsp;&nbsp;&nbsp;&nbsp;&nbsp;&nbsp;-&gt;  Seq Scan on case_reporting  (cost=0.00..8.15 rows=13 width=14)</td>\n",
       "    </tr>\n",
       "    <tr>\n",
       "        <td>&nbsp;&nbsp;&nbsp;&nbsp;&nbsp;&nbsp;&nbsp;&nbsp;&nbsp;&nbsp;&nbsp;&nbsp;&nbsp;&nbsp;&nbsp;&nbsp;&nbsp;&nbsp;&nbsp;&nbsp;&nbsp;&nbsp;&nbsp;&nbsp;&nbsp;&nbsp;&nbsp;&nbsp;&nbsp;&nbsp;&nbsp;&nbsp;&nbsp;&nbsp;&nbsp;&nbsp;&nbsp;&nbsp;&nbsp;&nbsp;&nbsp;&nbsp;&nbsp;&nbsp;&nbsp;&nbsp;&nbsp;&nbsp;&nbsp;&nbsp;Filter: (primary_type = &#x27;THEFT&#x27;::text)</td>\n",
       "    </tr>\n",
       "</table>"
      ],
      "text/plain": [
       "[('Limit  (cost=740303.67..740303.67 rows=1 width=54)',),\n",
       " ('  ->  Sort  (cost=740303.67..741741.97 rows=575322 width=54)',),\n",
       " ('        Sort Key: (count(*)) DESC',),\n",
       " ('        ->  GroupAggregate  (cost=693259.14..737427.06 rows=575322 width=54)',),\n",
       " (\"              Group Key: (to_char(case_information.date, 'MM'::text)), p_type.primary_type\",),\n",
       " ('              ->  Sort  (cost=693259.14..702503.24 rows=3697639 width=46)',),\n",
       " (\"                    Sort Key: (to_char(case_information.date, 'MM'::text)), p_type.primary_type\",),\n",
       " ('                    ->  Nested Loop  (cost=0.00..62387.51 rows=3697639 width=46)',),\n",
       " ('                          ->  Seq Scan on case_information  (cost=0.00..6914.49 rows=336149 width=8)',),\n",
       " ('                          ->  Materialize  (cost=0.00..8.46 rows=11 width=14)',),\n",
       " ('                                ->  Subquery Scan on p_type  (cost=0.00..8.40 rows=11 width=14)',),\n",
       " ('                                      ->  GroupAggregate  (cost=0.00..8.29 rows=11 width=22)',),\n",
       " ('                                            Group Key: case_reporting.primary_type',),\n",
       " ('                                            ->  Seq Scan on case_reporting  (cost=0.00..8.15 rows=13 width=14)',),\n",
       " (\"                                                  Filter: (primary_type = 'THEFT'::text)\",)]"
      ]
     },
     "execution_count": 27,
     "metadata": {},
     "output_type": "execute_result"
    }
   ],
   "source": [
    "%%sql\n",
    "EXPLAIN\n",
    "SELECT to_char(date, 'MM') as month, primary_type\n",
    "FROM case_information\n",
    "NATURAL JOIN (\n",
    "    SELECT primary_type, count(*)\n",
    "    FROM case_reporting\n",
    "    WHERE primary_type = 'THEFT'\n",
    "    GROUP BY primary_type) as p_type\n",
    "GROUP BY to_char(date, 'MM'), primary_type\n",
    "ORDER BY count(*) DESC\n",
    "LIMIT 1;"
   ]
  },
  {
   "cell_type": "code",
   "execution_count": 26,
   "metadata": {},
   "outputs": [
    {
     "name": "stdout",
     "output_type": "stream",
     "text": [
      " * postgres://steinn:***@pgsql.dsa.lan/dsa_student\n",
      "1 rows affected.\n"
     ]
    },
    {
     "data": {
      "text/html": [
       "<table>\n",
       "    <tr>\n",
       "        <th>month</th>\n",
       "        <th>primary_type</th>\n",
       "    </tr>\n",
       "    <tr>\n",
       "        <td>07</td>\n",
       "        <td>THEFT</td>\n",
       "    </tr>\n",
       "</table>"
      ],
      "text/plain": [
       "[('07', 'THEFT')]"
      ]
     },
     "execution_count": 26,
     "metadata": {},
     "output_type": "execute_result"
    }
   ],
   "source": [
    "%%sql\n",
    "SELECT to_char(date, 'MM') as month, primary_type\n",
    "FROM case_information\n",
    "NATURAL JOIN (\n",
    "    SELECT primary_type, count(*)\n",
    "    FROM case_reporting\n",
    "    WHERE primary_type = 'THEFT'\n",
    "    GROUP BY primary_type) as p_type\n",
    "GROUP BY to_char(date, 'MM'), primary_type\n",
    "ORDER BY count(*) DESC\n",
    "LIMIT 1;"
   ]
  },
  {
   "cell_type": "markdown",
   "metadata": {},
   "source": [
    "### Showing primary type of crime that happened most during christmas day"
   ]
  },
  {
   "cell_type": "code",
   "execution_count": 37,
   "metadata": {},
   "outputs": [
    {
     "name": "stdout",
     "output_type": "stream",
     "text": [
      " * postgres://steinn:***@pgsql.dsa.lan/dsa_student\n",
      "21 rows affected.\n"
     ]
    },
    {
     "data": {
      "text/html": [
       "<table>\n",
       "    <tr>\n",
       "        <th>QUERY PLAN</th>\n",
       "    </tr>\n",
       "    <tr>\n",
       "        <td>Limit  (cost=16870.52..16870.52 rows=1 width=22)</td>\n",
       "    </tr>\n",
       "    <tr>\n",
       "        <td>&nbsp;&nbsp;-&gt;  Sort  (cost=16870.52..16870.60 rows=30 width=22)</td>\n",
       "    </tr>\n",
       "    <tr>\n",
       "        <td>&nbsp;&nbsp;&nbsp;&nbsp;&nbsp;&nbsp;&nbsp;&nbsp;Sort Key: (count(*)) DESC</td>\n",
       "    </tr>\n",
       "    <tr>\n",
       "        <td>&nbsp;&nbsp;&nbsp;&nbsp;&nbsp;&nbsp;&nbsp;&nbsp;-&gt;  GroupAggregate  (cost=16864.61..16870.37 rows=30 width=22)</td>\n",
       "    </tr>\n",
       "    <tr>\n",
       "        <td>&nbsp;&nbsp;&nbsp;&nbsp;&nbsp;&nbsp;&nbsp;&nbsp;&nbsp;&nbsp;&nbsp;&nbsp;&nbsp;&nbsp;Group Key: cr.primary_type</td>\n",
       "    </tr>\n",
       "    <tr>\n",
       "        <td>&nbsp;&nbsp;&nbsp;&nbsp;&nbsp;&nbsp;&nbsp;&nbsp;&nbsp;&nbsp;&nbsp;&nbsp;&nbsp;&nbsp;-&gt;  Sort  (cost=16864.61..16866.43 rows=728 width=14)</td>\n",
       "    </tr>\n",
       "    <tr>\n",
       "        <td>&nbsp;&nbsp;&nbsp;&nbsp;&nbsp;&nbsp;&nbsp;&nbsp;&nbsp;&nbsp;&nbsp;&nbsp;&nbsp;&nbsp;&nbsp;&nbsp;&nbsp;&nbsp;&nbsp;&nbsp;Sort Key: cr.primary_type</td>\n",
       "    </tr>\n",
       "    <tr>\n",
       "        <td>&nbsp;&nbsp;&nbsp;&nbsp;&nbsp;&nbsp;&nbsp;&nbsp;&nbsp;&nbsp;&nbsp;&nbsp;&nbsp;&nbsp;&nbsp;&nbsp;&nbsp;&nbsp;&nbsp;&nbsp;-&gt;  Hash Join  (cost=10979.68..16830.00 rows=728 width=14)</td>\n",
       "    </tr>\n",
       "    <tr>\n",
       "        <td>&nbsp;&nbsp;&nbsp;&nbsp;&nbsp;&nbsp;&nbsp;&nbsp;&nbsp;&nbsp;&nbsp;&nbsp;&nbsp;&nbsp;&nbsp;&nbsp;&nbsp;&nbsp;&nbsp;&nbsp;&nbsp;&nbsp;&nbsp;&nbsp;&nbsp;&nbsp;Hash Cond: (case_information.date = ci.date)</td>\n",
       "    </tr>\n",
       "    <tr>\n",
       "        <td>&nbsp;&nbsp;&nbsp;&nbsp;&nbsp;&nbsp;&nbsp;&nbsp;&nbsp;&nbsp;&nbsp;&nbsp;&nbsp;&nbsp;&nbsp;&nbsp;&nbsp;&nbsp;&nbsp;&nbsp;&nbsp;&nbsp;&nbsp;&nbsp;&nbsp;&nbsp;-&gt;  Gather  (cost=1000.00..6822.03 rows=1681 width=8)</td>\n",
       "    </tr>\n",
       "    <tr>\n",
       "        <td>&nbsp;&nbsp;&nbsp;&nbsp;&nbsp;&nbsp;&nbsp;&nbsp;&nbsp;&nbsp;&nbsp;&nbsp;&nbsp;&nbsp;&nbsp;&nbsp;&nbsp;&nbsp;&nbsp;&nbsp;&nbsp;&nbsp;&nbsp;&nbsp;&nbsp;&nbsp;&nbsp;&nbsp;&nbsp;&nbsp;&nbsp;&nbsp;Workers Planned: 2</td>\n",
       "    </tr>\n",
       "    <tr>\n",
       "        <td>&nbsp;&nbsp;&nbsp;&nbsp;&nbsp;&nbsp;&nbsp;&nbsp;&nbsp;&nbsp;&nbsp;&nbsp;&nbsp;&nbsp;&nbsp;&nbsp;&nbsp;&nbsp;&nbsp;&nbsp;&nbsp;&nbsp;&nbsp;&nbsp;&nbsp;&nbsp;&nbsp;&nbsp;&nbsp;&nbsp;&nbsp;&nbsp;-&gt;  Parallel Seq Scan on case_information  (cost=0.00..5653.93 rows=700 width=8)</td>\n",
       "    </tr>\n",
       "    <tr>\n",
       "        <td>&nbsp;&nbsp;&nbsp;&nbsp;&nbsp;&nbsp;&nbsp;&nbsp;&nbsp;&nbsp;&nbsp;&nbsp;&nbsp;&nbsp;&nbsp;&nbsp;&nbsp;&nbsp;&nbsp;&nbsp;&nbsp;&nbsp;&nbsp;&nbsp;&nbsp;&nbsp;&nbsp;&nbsp;&nbsp;&nbsp;&nbsp;&nbsp;&nbsp;&nbsp;&nbsp;&nbsp;&nbsp;&nbsp;Filter: ((date)::date = &#x27;2012-12-25&#x27;::date)</td>\n",
       "    </tr>\n",
       "    <tr>\n",
       "        <td>&nbsp;&nbsp;&nbsp;&nbsp;&nbsp;&nbsp;&nbsp;&nbsp;&nbsp;&nbsp;&nbsp;&nbsp;&nbsp;&nbsp;&nbsp;&nbsp;&nbsp;&nbsp;&nbsp;&nbsp;&nbsp;&nbsp;&nbsp;&nbsp;&nbsp;&nbsp;-&gt;  Hash  (cost=9737.22..9737.22 rows=19397 width=22)</td>\n",
       "    </tr>\n",
       "    <tr>\n",
       "        <td>&nbsp;&nbsp;&nbsp;&nbsp;&nbsp;&nbsp;&nbsp;&nbsp;&nbsp;&nbsp;&nbsp;&nbsp;&nbsp;&nbsp;&nbsp;&nbsp;&nbsp;&nbsp;&nbsp;&nbsp;&nbsp;&nbsp;&nbsp;&nbsp;&nbsp;&nbsp;&nbsp;&nbsp;&nbsp;&nbsp;&nbsp;&nbsp;-&gt;  Gather  (cost=1012.30..9737.22 rows=19397 width=22)</td>\n",
       "    </tr>\n",
       "    <tr>\n",
       "        <td>&nbsp;&nbsp;&nbsp;&nbsp;&nbsp;&nbsp;&nbsp;&nbsp;&nbsp;&nbsp;&nbsp;&nbsp;&nbsp;&nbsp;&nbsp;&nbsp;&nbsp;&nbsp;&nbsp;&nbsp;&nbsp;&nbsp;&nbsp;&nbsp;&nbsp;&nbsp;&nbsp;&nbsp;&nbsp;&nbsp;&nbsp;&nbsp;&nbsp;&nbsp;&nbsp;&nbsp;&nbsp;&nbsp;Workers Planned: 2</td>\n",
       "    </tr>\n",
       "    <tr>\n",
       "        <td>&nbsp;&nbsp;&nbsp;&nbsp;&nbsp;&nbsp;&nbsp;&nbsp;&nbsp;&nbsp;&nbsp;&nbsp;&nbsp;&nbsp;&nbsp;&nbsp;&nbsp;&nbsp;&nbsp;&nbsp;&nbsp;&nbsp;&nbsp;&nbsp;&nbsp;&nbsp;&nbsp;&nbsp;&nbsp;&nbsp;&nbsp;&nbsp;&nbsp;&nbsp;&nbsp;&nbsp;&nbsp;&nbsp;-&gt;  Hash Join  (cost=12.30..6797.52 rows=8082 width=22)</td>\n",
       "    </tr>\n",
       "    <tr>\n",
       "        <td>&nbsp;&nbsp;&nbsp;&nbsp;&nbsp;&nbsp;&nbsp;&nbsp;&nbsp;&nbsp;&nbsp;&nbsp;&nbsp;&nbsp;&nbsp;&nbsp;&nbsp;&nbsp;&nbsp;&nbsp;&nbsp;&nbsp;&nbsp;&nbsp;&nbsp;&nbsp;&nbsp;&nbsp;&nbsp;&nbsp;&nbsp;&nbsp;&nbsp;&nbsp;&nbsp;&nbsp;&nbsp;&nbsp;&nbsp;&nbsp;&nbsp;&nbsp;&nbsp;&nbsp;Hash Cond: ((ci.iucr = cr.iucr) AND (ci.fbi_code = cr.fbi_code))</td>\n",
       "    </tr>\n",
       "    <tr>\n",
       "        <td>&nbsp;&nbsp;&nbsp;&nbsp;&nbsp;&nbsp;&nbsp;&nbsp;&nbsp;&nbsp;&nbsp;&nbsp;&nbsp;&nbsp;&nbsp;&nbsp;&nbsp;&nbsp;&nbsp;&nbsp;&nbsp;&nbsp;&nbsp;&nbsp;&nbsp;&nbsp;&nbsp;&nbsp;&nbsp;&nbsp;&nbsp;&nbsp;&nbsp;&nbsp;&nbsp;&nbsp;&nbsp;&nbsp;&nbsp;&nbsp;&nbsp;&nbsp;&nbsp;&nbsp;-&gt;  Parallel Seq Scan on case_information ci  (cost=0.00..4953.62 rows=140062 width=16)</td>\n",
       "    </tr>\n",
       "    <tr>\n",
       "        <td>&nbsp;&nbsp;&nbsp;&nbsp;&nbsp;&nbsp;&nbsp;&nbsp;&nbsp;&nbsp;&nbsp;&nbsp;&nbsp;&nbsp;&nbsp;&nbsp;&nbsp;&nbsp;&nbsp;&nbsp;&nbsp;&nbsp;&nbsp;&nbsp;&nbsp;&nbsp;&nbsp;&nbsp;&nbsp;&nbsp;&nbsp;&nbsp;&nbsp;&nbsp;&nbsp;&nbsp;&nbsp;&nbsp;&nbsp;&nbsp;&nbsp;&nbsp;&nbsp;&nbsp;-&gt;  Hash  (cost=7.32..7.32 rows=332 width=22)</td>\n",
       "    </tr>\n",
       "    <tr>\n",
       "        <td>&nbsp;&nbsp;&nbsp;&nbsp;&nbsp;&nbsp;&nbsp;&nbsp;&nbsp;&nbsp;&nbsp;&nbsp;&nbsp;&nbsp;&nbsp;&nbsp;&nbsp;&nbsp;&nbsp;&nbsp;&nbsp;&nbsp;&nbsp;&nbsp;&nbsp;&nbsp;&nbsp;&nbsp;&nbsp;&nbsp;&nbsp;&nbsp;&nbsp;&nbsp;&nbsp;&nbsp;&nbsp;&nbsp;&nbsp;&nbsp;&nbsp;&nbsp;&nbsp;&nbsp;&nbsp;&nbsp;&nbsp;&nbsp;&nbsp;&nbsp;-&gt;  Seq Scan on case_reporting cr  (cost=0.00..7.32 rows=332 width=22)</td>\n",
       "    </tr>\n",
       "</table>"
      ],
      "text/plain": [
       "[('Limit  (cost=16870.52..16870.52 rows=1 width=22)',),\n",
       " ('  ->  Sort  (cost=16870.52..16870.60 rows=30 width=22)',),\n",
       " ('        Sort Key: (count(*)) DESC',),\n",
       " ('        ->  GroupAggregate  (cost=16864.61..16870.37 rows=30 width=22)',),\n",
       " ('              Group Key: cr.primary_type',),\n",
       " ('              ->  Sort  (cost=16864.61..16866.43 rows=728 width=14)',),\n",
       " ('                    Sort Key: cr.primary_type',),\n",
       " ('                    ->  Hash Join  (cost=10979.68..16830.00 rows=728 width=14)',),\n",
       " ('                          Hash Cond: (case_information.date = ci.date)',),\n",
       " ('                          ->  Gather  (cost=1000.00..6822.03 rows=1681 width=8)',),\n",
       " ('                                Workers Planned: 2',),\n",
       " ('                                ->  Parallel Seq Scan on case_information  (cost=0.00..5653.93 rows=700 width=8)',),\n",
       " (\"                                      Filter: ((date)::date = '2012-12-25'::date)\",),\n",
       " ('                          ->  Hash  (cost=9737.22..9737.22 rows=19397 width=22)',),\n",
       " ('                                ->  Gather  (cost=1012.30..9737.22 rows=19397 width=22)',),\n",
       " ('                                      Workers Planned: 2',),\n",
       " ('                                      ->  Hash Join  (cost=12.30..6797.52 rows=8082 width=22)',),\n",
       " ('                                            Hash Cond: ((ci.iucr = cr.iucr) AND (ci.fbi_code = cr.fbi_code))',),\n",
       " ('                                            ->  Parallel Seq Scan on case_information ci  (cost=0.00..4953.62 rows=140062 width=16)',),\n",
       " ('                                            ->  Hash  (cost=7.32..7.32 rows=332 width=22)',),\n",
       " ('                                                  ->  Seq Scan on case_reporting cr  (cost=0.00..7.32 rows=332 width=22)',)]"
      ]
     },
     "execution_count": 37,
     "metadata": {},
     "output_type": "execute_result"
    }
   ],
   "source": [
    "%%sql\n",
    "EXPLAIN\n",
    "SELECT primary_type, count(*)\n",
    "FROM case_reporting cr\n",
    "JOIN case_information ci ON ci.IUCR = cr.IUCR AND ci.fbi_code = cr.fbi_code\n",
    "NATURAL JOIN (\n",
    "    SELECT date\n",
    "    FROM case_information\n",
    "    WHERE date::date = '2012-12-25'\n",
    "    ) as date_info\n",
    "GROUP BY primary_type\n",
    "ORDER BY count(*) DESC\n",
    "LIMIT 1;"
   ]
  },
  {
   "cell_type": "code",
   "execution_count": 38,
   "metadata": {},
   "outputs": [
    {
     "name": "stdout",
     "output_type": "stream",
     "text": [
      " * postgres://steinn:***@pgsql.dsa.lan/dsa_student\n",
      "1 rows affected.\n"
     ]
    },
    {
     "data": {
      "text/html": [
       "<table>\n",
       "    <tr>\n",
       "        <th>primary_type</th>\n",
       "        <th>count</th>\n",
       "    </tr>\n",
       "    <tr>\n",
       "        <td>THEFT</td>\n",
       "        <td>663</td>\n",
       "    </tr>\n",
       "</table>"
      ],
      "text/plain": [
       "[('THEFT', 663)]"
      ]
     },
     "execution_count": 38,
     "metadata": {},
     "output_type": "execute_result"
    }
   ],
   "source": [
    "%%sql\n",
    "SELECT primary_type, count(*)\n",
    "FROM case_reporting cr\n",
    "JOIN case_information ci ON ci.IUCR = cr.IUCR AND ci.fbi_code = cr.fbi_code\n",
    "NATURAL JOIN (\n",
    "    SELECT date\n",
    "    FROM case_information\n",
    "    WHERE date::date = '2012-12-25'\n",
    "    ) as date_info\n",
    "GROUP BY primary_type\n",
    "ORDER BY count(*) DESC\n",
    "LIMIT 1;"
   ]
  },
  {
   "cell_type": "markdown",
   "metadata": {},
   "source": [
    "### Showing number of crimes per month in each community area and listing the ones with an average number over 500"
   ]
  },
  {
   "cell_type": "code",
   "execution_count": 24,
   "metadata": {},
   "outputs": [
    {
     "name": "stdout",
     "output_type": "stream",
     "text": [
      " * postgres://steinn:***@pgsql.dsa.lan/dsa_student\n",
      "31 rows affected.\n"
     ]
    },
    {
     "data": {
      "text/html": [
       "<table>\n",
       "    <tr>\n",
       "        <th>QUERY PLAN</th>\n",
       "    </tr>\n",
       "    <tr>\n",
       "        <td>Limit  (cost=531094.33..531094.39 rows=22 width=40)</td>\n",
       "    </tr>\n",
       "    <tr>\n",
       "        <td>&nbsp;&nbsp;-&gt;  Sort  (cost=531094.33..531094.53 rows=77 width=40)</td>\n",
       "    </tr>\n",
       "    <tr>\n",
       "        <td>&nbsp;&nbsp;&nbsp;&nbsp;&nbsp;&nbsp;&nbsp;&nbsp;Sort Key: (round(avg(c_count.crime_count), 1)) DESC</td>\n",
       "    </tr>\n",
       "    <tr>\n",
       "        <td>&nbsp;&nbsp;&nbsp;&nbsp;&nbsp;&nbsp;&nbsp;&nbsp;-&gt;  GroupAggregate  (cost=56156.42..531092.23 rows=77 width=40)</td>\n",
       "    </tr>\n",
       "    <tr>\n",
       "        <td>&nbsp;&nbsp;&nbsp;&nbsp;&nbsp;&nbsp;&nbsp;&nbsp;&nbsp;&nbsp;&nbsp;&nbsp;&nbsp;&nbsp;Group Key: case_location.community_area</td>\n",
       "    </tr>\n",
       "    <tr>\n",
       "        <td>&nbsp;&nbsp;&nbsp;&nbsp;&nbsp;&nbsp;&nbsp;&nbsp;&nbsp;&nbsp;&nbsp;&nbsp;&nbsp;&nbsp;-&gt;  Merge Join  (cost=56156.42..412534.48 rows=23711319 width=16)</td>\n",
       "    </tr>\n",
       "    <tr>\n",
       "        <td>&nbsp;&nbsp;&nbsp;&nbsp;&nbsp;&nbsp;&nbsp;&nbsp;&nbsp;&nbsp;&nbsp;&nbsp;&nbsp;&nbsp;&nbsp;&nbsp;&nbsp;&nbsp;&nbsp;&nbsp;Merge Cond: (c_count.community_area = case_location.community_area)</td>\n",
       "    </tr>\n",
       "    <tr>\n",
       "        <td>&nbsp;&nbsp;&nbsp;&nbsp;&nbsp;&nbsp;&nbsp;&nbsp;&nbsp;&nbsp;&nbsp;&nbsp;&nbsp;&nbsp;&nbsp;&nbsp;&nbsp;&nbsp;&nbsp;&nbsp;-&gt;  Sort  (cost=24779.50..24827.99 rows=19397 width=16)</td>\n",
       "    </tr>\n",
       "    <tr>\n",
       "        <td>&nbsp;&nbsp;&nbsp;&nbsp;&nbsp;&nbsp;&nbsp;&nbsp;&nbsp;&nbsp;&nbsp;&nbsp;&nbsp;&nbsp;&nbsp;&nbsp;&nbsp;&nbsp;&nbsp;&nbsp;&nbsp;&nbsp;&nbsp;&nbsp;&nbsp;&nbsp;Sort Key: c_count.community_area</td>\n",
       "    </tr>\n",
       "    <tr>\n",
       "        <td>&nbsp;&nbsp;&nbsp;&nbsp;&nbsp;&nbsp;&nbsp;&nbsp;&nbsp;&nbsp;&nbsp;&nbsp;&nbsp;&nbsp;&nbsp;&nbsp;&nbsp;&nbsp;&nbsp;&nbsp;&nbsp;&nbsp;&nbsp;&nbsp;&nbsp;&nbsp;-&gt;  Subquery Scan on c_count  (cost=23155.62..23398.09 rows=19397 width=16)</td>\n",
       "    </tr>\n",
       "    <tr>\n",
       "        <td>&nbsp;&nbsp;&nbsp;&nbsp;&nbsp;&nbsp;&nbsp;&nbsp;&nbsp;&nbsp;&nbsp;&nbsp;&nbsp;&nbsp;&nbsp;&nbsp;&nbsp;&nbsp;&nbsp;&nbsp;&nbsp;&nbsp;&nbsp;&nbsp;&nbsp;&nbsp;&nbsp;&nbsp;&nbsp;&nbsp;&nbsp;&nbsp;-&gt;  Sort  (cost=23155.62..23204.12 rows=19397 width=48)</td>\n",
       "    </tr>\n",
       "    <tr>\n",
       "        <td>&nbsp;&nbsp;&nbsp;&nbsp;&nbsp;&nbsp;&nbsp;&nbsp;&nbsp;&nbsp;&nbsp;&nbsp;&nbsp;&nbsp;&nbsp;&nbsp;&nbsp;&nbsp;&nbsp;&nbsp;&nbsp;&nbsp;&nbsp;&nbsp;&nbsp;&nbsp;&nbsp;&nbsp;&nbsp;&nbsp;&nbsp;&nbsp;&nbsp;&nbsp;&nbsp;&nbsp;&nbsp;&nbsp;Sort Key: (count(cr.primary_type)) DESC</td>\n",
       "    </tr>\n",
       "    <tr>\n",
       "        <td>&nbsp;&nbsp;&nbsp;&nbsp;&nbsp;&nbsp;&nbsp;&nbsp;&nbsp;&nbsp;&nbsp;&nbsp;&nbsp;&nbsp;&nbsp;&nbsp;&nbsp;&nbsp;&nbsp;&nbsp;&nbsp;&nbsp;&nbsp;&nbsp;&nbsp;&nbsp;&nbsp;&nbsp;&nbsp;&nbsp;&nbsp;&nbsp;&nbsp;&nbsp;&nbsp;&nbsp;&nbsp;&nbsp;-&gt;  Finalize HashAggregate  (cost=21531.75..21774.21 rows=19397 width=48)</td>\n",
       "    </tr>\n",
       "    <tr>\n",
       "        <td>&nbsp;&nbsp;&nbsp;&nbsp;&nbsp;&nbsp;&nbsp;&nbsp;&nbsp;&nbsp;&nbsp;&nbsp;&nbsp;&nbsp;&nbsp;&nbsp;&nbsp;&nbsp;&nbsp;&nbsp;&nbsp;&nbsp;&nbsp;&nbsp;&nbsp;&nbsp;&nbsp;&nbsp;&nbsp;&nbsp;&nbsp;&nbsp;&nbsp;&nbsp;&nbsp;&nbsp;&nbsp;&nbsp;&nbsp;&nbsp;&nbsp;&nbsp;&nbsp;&nbsp;Group Key: cl.community_area, (to_char(ci.date, &#x27;MM&#x27;::text))</td>\n",
       "    </tr>\n",
       "    <tr>\n",
       "        <td>&nbsp;&nbsp;&nbsp;&nbsp;&nbsp;&nbsp;&nbsp;&nbsp;&nbsp;&nbsp;&nbsp;&nbsp;&nbsp;&nbsp;&nbsp;&nbsp;&nbsp;&nbsp;&nbsp;&nbsp;&nbsp;&nbsp;&nbsp;&nbsp;&nbsp;&nbsp;&nbsp;&nbsp;&nbsp;&nbsp;&nbsp;&nbsp;&nbsp;&nbsp;&nbsp;&nbsp;&nbsp;&nbsp;&nbsp;&nbsp;&nbsp;&nbsp;&nbsp;&nbsp;-&gt;  Gather  (cost=19693.10..21410.52 rows=16164 width=48)</td>\n",
       "    </tr>\n",
       "    <tr>\n",
       "        <td>&nbsp;&nbsp;&nbsp;&nbsp;&nbsp;&nbsp;&nbsp;&nbsp;&nbsp;&nbsp;&nbsp;&nbsp;&nbsp;&nbsp;&nbsp;&nbsp;&nbsp;&nbsp;&nbsp;&nbsp;&nbsp;&nbsp;&nbsp;&nbsp;&nbsp;&nbsp;&nbsp;&nbsp;&nbsp;&nbsp;&nbsp;&nbsp;&nbsp;&nbsp;&nbsp;&nbsp;&nbsp;&nbsp;&nbsp;&nbsp;&nbsp;&nbsp;&nbsp;&nbsp;&nbsp;&nbsp;&nbsp;&nbsp;&nbsp;&nbsp;Workers Planned: 2</td>\n",
       "    </tr>\n",
       "    <tr>\n",
       "        <td>&nbsp;&nbsp;&nbsp;&nbsp;&nbsp;&nbsp;&nbsp;&nbsp;&nbsp;&nbsp;&nbsp;&nbsp;&nbsp;&nbsp;&nbsp;&nbsp;&nbsp;&nbsp;&nbsp;&nbsp;&nbsp;&nbsp;&nbsp;&nbsp;&nbsp;&nbsp;&nbsp;&nbsp;&nbsp;&nbsp;&nbsp;&nbsp;&nbsp;&nbsp;&nbsp;&nbsp;&nbsp;&nbsp;&nbsp;&nbsp;&nbsp;&nbsp;&nbsp;&nbsp;&nbsp;&nbsp;&nbsp;&nbsp;&nbsp;&nbsp;-&gt;  Partial HashAggregate  (cost=18693.10..18794.12 rows=8082 width=48)</td>\n",
       "    </tr>\n",
       "    <tr>\n",
       "        <td>&nbsp;&nbsp;&nbsp;&nbsp;&nbsp;&nbsp;&nbsp;&nbsp;&nbsp;&nbsp;&nbsp;&nbsp;&nbsp;&nbsp;&nbsp;&nbsp;&nbsp;&nbsp;&nbsp;&nbsp;&nbsp;&nbsp;&nbsp;&nbsp;&nbsp;&nbsp;&nbsp;&nbsp;&nbsp;&nbsp;&nbsp;&nbsp;&nbsp;&nbsp;&nbsp;&nbsp;&nbsp;&nbsp;&nbsp;&nbsp;&nbsp;&nbsp;&nbsp;&nbsp;&nbsp;&nbsp;&nbsp;&nbsp;&nbsp;&nbsp;&nbsp;&nbsp;&nbsp;&nbsp;&nbsp;&nbsp;Group Key: cl.community_area, to_char(ci.date, &#x27;MM&#x27;::text)</td>\n",
       "    </tr>\n",
       "    <tr>\n",
       "        <td>&nbsp;&nbsp;&nbsp;&nbsp;&nbsp;&nbsp;&nbsp;&nbsp;&nbsp;&nbsp;&nbsp;&nbsp;&nbsp;&nbsp;&nbsp;&nbsp;&nbsp;&nbsp;&nbsp;&nbsp;&nbsp;&nbsp;&nbsp;&nbsp;&nbsp;&nbsp;&nbsp;&nbsp;&nbsp;&nbsp;&nbsp;&nbsp;&nbsp;&nbsp;&nbsp;&nbsp;&nbsp;&nbsp;&nbsp;&nbsp;&nbsp;&nbsp;&nbsp;&nbsp;&nbsp;&nbsp;&nbsp;&nbsp;&nbsp;&nbsp;&nbsp;&nbsp;&nbsp;&nbsp;&nbsp;&nbsp;-&gt;  Hash Join  (cost=10409.93..18632.48 rows=8082 width=54)</td>\n",
       "    </tr>\n",
       "    <tr>\n",
       "        <td>&nbsp;&nbsp;&nbsp;&nbsp;&nbsp;&nbsp;&nbsp;&nbsp;&nbsp;&nbsp;&nbsp;&nbsp;&nbsp;&nbsp;&nbsp;&nbsp;&nbsp;&nbsp;&nbsp;&nbsp;&nbsp;&nbsp;&nbsp;&nbsp;&nbsp;&nbsp;&nbsp;&nbsp;&nbsp;&nbsp;&nbsp;&nbsp;&nbsp;&nbsp;&nbsp;&nbsp;&nbsp;&nbsp;&nbsp;&nbsp;&nbsp;&nbsp;&nbsp;&nbsp;&nbsp;&nbsp;&nbsp;&nbsp;&nbsp;&nbsp;&nbsp;&nbsp;&nbsp;&nbsp;&nbsp;&nbsp;&nbsp;&nbsp;&nbsp;&nbsp;&nbsp;&nbsp;Hash Cond: (ci.location_id = cl.location_id)</td>\n",
       "    </tr>\n",
       "    <tr>\n",
       "        <td>&nbsp;&nbsp;&nbsp;&nbsp;&nbsp;&nbsp;&nbsp;&nbsp;&nbsp;&nbsp;&nbsp;&nbsp;&nbsp;&nbsp;&nbsp;&nbsp;&nbsp;&nbsp;&nbsp;&nbsp;&nbsp;&nbsp;&nbsp;&nbsp;&nbsp;&nbsp;&nbsp;&nbsp;&nbsp;&nbsp;&nbsp;&nbsp;&nbsp;&nbsp;&nbsp;&nbsp;&nbsp;&nbsp;&nbsp;&nbsp;&nbsp;&nbsp;&nbsp;&nbsp;&nbsp;&nbsp;&nbsp;&nbsp;&nbsp;&nbsp;&nbsp;&nbsp;&nbsp;&nbsp;&nbsp;&nbsp;&nbsp;&nbsp;&nbsp;&nbsp;&nbsp;&nbsp;-&gt;  Hash Join  (cost=12.30..6797.52 rows=8082 width=30)</td>\n",
       "    </tr>\n",
       "    <tr>\n",
       "        <td>&nbsp;&nbsp;&nbsp;&nbsp;&nbsp;&nbsp;&nbsp;&nbsp;&nbsp;&nbsp;&nbsp;&nbsp;&nbsp;&nbsp;&nbsp;&nbsp;&nbsp;&nbsp;&nbsp;&nbsp;&nbsp;&nbsp;&nbsp;&nbsp;&nbsp;&nbsp;&nbsp;&nbsp;&nbsp;&nbsp;&nbsp;&nbsp;&nbsp;&nbsp;&nbsp;&nbsp;&nbsp;&nbsp;&nbsp;&nbsp;&nbsp;&nbsp;&nbsp;&nbsp;&nbsp;&nbsp;&nbsp;&nbsp;&nbsp;&nbsp;&nbsp;&nbsp;&nbsp;&nbsp;&nbsp;&nbsp;&nbsp;&nbsp;&nbsp;&nbsp;&nbsp;&nbsp;&nbsp;&nbsp;&nbsp;&nbsp;&nbsp;&nbsp;Hash Cond: ((ci.iucr = cr.iucr) AND (ci.fbi_code = cr.fbi_code))</td>\n",
       "    </tr>\n",
       "    <tr>\n",
       "        <td>&nbsp;&nbsp;&nbsp;&nbsp;&nbsp;&nbsp;&nbsp;&nbsp;&nbsp;&nbsp;&nbsp;&nbsp;&nbsp;&nbsp;&nbsp;&nbsp;&nbsp;&nbsp;&nbsp;&nbsp;&nbsp;&nbsp;&nbsp;&nbsp;&nbsp;&nbsp;&nbsp;&nbsp;&nbsp;&nbsp;&nbsp;&nbsp;&nbsp;&nbsp;&nbsp;&nbsp;&nbsp;&nbsp;&nbsp;&nbsp;&nbsp;&nbsp;&nbsp;&nbsp;&nbsp;&nbsp;&nbsp;&nbsp;&nbsp;&nbsp;&nbsp;&nbsp;&nbsp;&nbsp;&nbsp;&nbsp;&nbsp;&nbsp;&nbsp;&nbsp;&nbsp;&nbsp;&nbsp;&nbsp;&nbsp;&nbsp;&nbsp;&nbsp;-&gt;  Parallel Seq Scan on case_information ci  (cost=0.00..4953.62 rows=140062 width=24)</td>\n",
       "    </tr>\n",
       "    <tr>\n",
       "        <td>&nbsp;&nbsp;&nbsp;&nbsp;&nbsp;&nbsp;&nbsp;&nbsp;&nbsp;&nbsp;&nbsp;&nbsp;&nbsp;&nbsp;&nbsp;&nbsp;&nbsp;&nbsp;&nbsp;&nbsp;&nbsp;&nbsp;&nbsp;&nbsp;&nbsp;&nbsp;&nbsp;&nbsp;&nbsp;&nbsp;&nbsp;&nbsp;&nbsp;&nbsp;&nbsp;&nbsp;&nbsp;&nbsp;&nbsp;&nbsp;&nbsp;&nbsp;&nbsp;&nbsp;&nbsp;&nbsp;&nbsp;&nbsp;&nbsp;&nbsp;&nbsp;&nbsp;&nbsp;&nbsp;&nbsp;&nbsp;&nbsp;&nbsp;&nbsp;&nbsp;&nbsp;&nbsp;&nbsp;&nbsp;&nbsp;&nbsp;&nbsp;&nbsp;-&gt;  Hash  (cost=7.32..7.32 rows=332 width=22)</td>\n",
       "    </tr>\n",
       "    <tr>\n",
       "        <td>&nbsp;&nbsp;&nbsp;&nbsp;&nbsp;&nbsp;&nbsp;&nbsp;&nbsp;&nbsp;&nbsp;&nbsp;&nbsp;&nbsp;&nbsp;&nbsp;&nbsp;&nbsp;&nbsp;&nbsp;&nbsp;&nbsp;&nbsp;&nbsp;&nbsp;&nbsp;&nbsp;&nbsp;&nbsp;&nbsp;&nbsp;&nbsp;&nbsp;&nbsp;&nbsp;&nbsp;&nbsp;&nbsp;&nbsp;&nbsp;&nbsp;&nbsp;&nbsp;&nbsp;&nbsp;&nbsp;&nbsp;&nbsp;&nbsp;&nbsp;&nbsp;&nbsp;&nbsp;&nbsp;&nbsp;&nbsp;&nbsp;&nbsp;&nbsp;&nbsp;&nbsp;&nbsp;&nbsp;&nbsp;&nbsp;&nbsp;&nbsp;&nbsp;&nbsp;&nbsp;&nbsp;&nbsp;&nbsp;&nbsp;-&gt;  Seq Scan on case_reporting cr  (cost=0.00..7.32 rows=332 width=22)</td>\n",
       "    </tr>\n",
       "    <tr>\n",
       "        <td>&nbsp;&nbsp;&nbsp;&nbsp;&nbsp;&nbsp;&nbsp;&nbsp;&nbsp;&nbsp;&nbsp;&nbsp;&nbsp;&nbsp;&nbsp;&nbsp;&nbsp;&nbsp;&nbsp;&nbsp;&nbsp;&nbsp;&nbsp;&nbsp;&nbsp;&nbsp;&nbsp;&nbsp;&nbsp;&nbsp;&nbsp;&nbsp;&nbsp;&nbsp;&nbsp;&nbsp;&nbsp;&nbsp;&nbsp;&nbsp;&nbsp;&nbsp;&nbsp;&nbsp;&nbsp;&nbsp;&nbsp;&nbsp;&nbsp;&nbsp;&nbsp;&nbsp;&nbsp;&nbsp;&nbsp;&nbsp;&nbsp;&nbsp;&nbsp;&nbsp;&nbsp;&nbsp;-&gt;  Hash  (cost=6147.17..6147.17 rows=244517 width=16)</td>\n",
       "    </tr>\n",
       "    <tr>\n",
       "        <td>&nbsp;&nbsp;&nbsp;&nbsp;&nbsp;&nbsp;&nbsp;&nbsp;&nbsp;&nbsp;&nbsp;&nbsp;&nbsp;&nbsp;&nbsp;&nbsp;&nbsp;&nbsp;&nbsp;&nbsp;&nbsp;&nbsp;&nbsp;&nbsp;&nbsp;&nbsp;&nbsp;&nbsp;&nbsp;&nbsp;&nbsp;&nbsp;&nbsp;&nbsp;&nbsp;&nbsp;&nbsp;&nbsp;&nbsp;&nbsp;&nbsp;&nbsp;&nbsp;&nbsp;&nbsp;&nbsp;&nbsp;&nbsp;&nbsp;&nbsp;&nbsp;&nbsp;&nbsp;&nbsp;&nbsp;&nbsp;&nbsp;&nbsp;&nbsp;&nbsp;&nbsp;&nbsp;&nbsp;&nbsp;&nbsp;&nbsp;&nbsp;&nbsp;-&gt;  Seq Scan on case_location cl  (cost=0.00..6147.17 rows=244517 width=16)</td>\n",
       "    </tr>\n",
       "    <tr>\n",
       "        <td>&nbsp;&nbsp;&nbsp;&nbsp;&nbsp;&nbsp;&nbsp;&nbsp;&nbsp;&nbsp;&nbsp;&nbsp;&nbsp;&nbsp;&nbsp;&nbsp;&nbsp;&nbsp;&nbsp;&nbsp;-&gt;  Materialize  (cost=31376.92..32599.51 rows=244517 width=8)</td>\n",
       "    </tr>\n",
       "    <tr>\n",
       "        <td>&nbsp;&nbsp;&nbsp;&nbsp;&nbsp;&nbsp;&nbsp;&nbsp;&nbsp;&nbsp;&nbsp;&nbsp;&nbsp;&nbsp;&nbsp;&nbsp;&nbsp;&nbsp;&nbsp;&nbsp;&nbsp;&nbsp;&nbsp;&nbsp;&nbsp;&nbsp;-&gt;  Sort  (cost=31376.92..31988.21 rows=244517 width=8)</td>\n",
       "    </tr>\n",
       "    <tr>\n",
       "        <td>&nbsp;&nbsp;&nbsp;&nbsp;&nbsp;&nbsp;&nbsp;&nbsp;&nbsp;&nbsp;&nbsp;&nbsp;&nbsp;&nbsp;&nbsp;&nbsp;&nbsp;&nbsp;&nbsp;&nbsp;&nbsp;&nbsp;&nbsp;&nbsp;&nbsp;&nbsp;&nbsp;&nbsp;&nbsp;&nbsp;&nbsp;&nbsp;Sort Key: case_location.community_area</td>\n",
       "    </tr>\n",
       "    <tr>\n",
       "        <td>&nbsp;&nbsp;&nbsp;&nbsp;&nbsp;&nbsp;&nbsp;&nbsp;&nbsp;&nbsp;&nbsp;&nbsp;&nbsp;&nbsp;&nbsp;&nbsp;&nbsp;&nbsp;&nbsp;&nbsp;&nbsp;&nbsp;&nbsp;&nbsp;&nbsp;&nbsp;&nbsp;&nbsp;&nbsp;&nbsp;&nbsp;&nbsp;-&gt;  Seq Scan on case_location  (cost=0.00..6147.17 rows=244517 width=8)</td>\n",
       "    </tr>\n",
       "</table>"
      ],
      "text/plain": [
       "[('Limit  (cost=531094.33..531094.39 rows=22 width=40)',),\n",
       " ('  ->  Sort  (cost=531094.33..531094.53 rows=77 width=40)',),\n",
       " ('        Sort Key: (round(avg(c_count.crime_count), 1)) DESC',),\n",
       " ('        ->  GroupAggregate  (cost=56156.42..531092.23 rows=77 width=40)',),\n",
       " ('              Group Key: case_location.community_area',),\n",
       " ('              ->  Merge Join  (cost=56156.42..412534.48 rows=23711319 width=16)',),\n",
       " ('                    Merge Cond: (c_count.community_area = case_location.community_area)',),\n",
       " ('                    ->  Sort  (cost=24779.50..24827.99 rows=19397 width=16)',),\n",
       " ('                          Sort Key: c_count.community_area',),\n",
       " ('                          ->  Subquery Scan on c_count  (cost=23155.62..23398.09 rows=19397 width=16)',),\n",
       " ('                                ->  Sort  (cost=23155.62..23204.12 rows=19397 width=48)',),\n",
       " ('                                      Sort Key: (count(cr.primary_type)) DESC',),\n",
       " ('                                      ->  Finalize HashAggregate  (cost=21531.75..21774.21 rows=19397 width=48)',),\n",
       " (\"                                            Group Key: cl.community_area, (to_char(ci.date, 'MM'::text))\",),\n",
       " ('                                            ->  Gather  (cost=19693.10..21410.52 rows=16164 width=48)',),\n",
       " ('                                                  Workers Planned: 2',),\n",
       " ('                                                  ->  Partial HashAggregate  (cost=18693.10..18794.12 rows=8082 width=48)',),\n",
       " (\"                                                        Group Key: cl.community_area, to_char(ci.date, 'MM'::text)\",),\n",
       " ('                                                        ->  Hash Join  (cost=10409.93..18632.48 rows=8082 width=54)',),\n",
       " ('                                                              Hash Cond: (ci.location_id = cl.location_id)',),\n",
       " ('                                                              ->  Hash Join  (cost=12.30..6797.52 rows=8082 width=30)',),\n",
       " ('                                                                    Hash Cond: ((ci.iucr = cr.iucr) AND (ci.fbi_code = cr.fbi_code))',),\n",
       " ('                                                                    ->  Parallel Seq Scan on case_information ci  (cost=0.00..4953.62 rows=140062 width=24)',),\n",
       " ('                                                                    ->  Hash  (cost=7.32..7.32 rows=332 width=22)',),\n",
       " ('                                                                          ->  Seq Scan on case_reporting cr  (cost=0.00..7.32 rows=332 width=22)',),\n",
       " ('                                                              ->  Hash  (cost=6147.17..6147.17 rows=244517 width=16)',),\n",
       " ('                                                                    ->  Seq Scan on case_location cl  (cost=0.00..6147.17 rows=244517 width=16)',),\n",
       " ('                    ->  Materialize  (cost=31376.92..32599.51 rows=244517 width=8)',),\n",
       " ('                          ->  Sort  (cost=31376.92..31988.21 rows=244517 width=8)',),\n",
       " ('                                Sort Key: case_location.community_area',),\n",
       " ('                                ->  Seq Scan on case_location  (cost=0.00..6147.17 rows=244517 width=8)',)]"
      ]
     },
     "execution_count": 24,
     "metadata": {},
     "output_type": "execute_result"
    }
   ],
   "source": [
    "%%sql\n",
    "EXPLAIN\n",
    "SELECT community_area, ROUND(AVG(crime_count), 1) as average_crime_count\n",
    "FROM case_location\n",
    "NATURAL JOIN (\n",
    "    SELECT community_area, to_char(date, 'MM') as month, count(primary_type) as crime_count\n",
    "    FROM case_location cl\n",
    "    JOIN case_information ci USING (location_id)\n",
    "    JOIN case_reporting cr ON cr.IUCR = ci.IUCR AND cr.fbi_code = ci.fbi_code\n",
    "    GROUP BY community_area, to_char(date, 'MM')\n",
    "    ORDER BY crime_count DESC\n",
    ") as c_count\n",
    "GROUP BY community_area\n",
    "ORDER BY average_crime_count DESC\n",
    "LIMIT 22;"
   ]
  },
  {
   "cell_type": "code",
   "execution_count": 23,
   "metadata": {},
   "outputs": [
    {
     "name": "stdout",
     "output_type": "stream",
     "text": [
      " * postgres://steinn:***@pgsql.dsa.lan/dsa_student\n",
      "22 rows affected.\n"
     ]
    },
    {
     "data": {
      "text/html": [
       "<table>\n",
       "    <tr>\n",
       "        <th>community_area</th>\n",
       "        <th>average_crime_count</th>\n",
       "    </tr>\n",
       "    <tr>\n",
       "        <td>25.0</td>\n",
       "        <td>1783.9</td>\n",
       "    </tr>\n",
       "    <tr>\n",
       "        <td>43.0</td>\n",
       "        <td>969.5</td>\n",
       "    </tr>\n",
       "    <tr>\n",
       "        <td>8.0</td>\n",
       "        <td>941.6</td>\n",
       "    </tr>\n",
       "    <tr>\n",
       "        <td>23.0</td>\n",
       "        <td>936.5</td>\n",
       "    </tr>\n",
       "    <tr>\n",
       "        <td>29.0</td>\n",
       "        <td>867.0</td>\n",
       "    </tr>\n",
       "    <tr>\n",
       "        <td>67.0</td>\n",
       "        <td>833.8</td>\n",
       "    </tr>\n",
       "    <tr>\n",
       "        <td>24.0</td>\n",
       "        <td>807.6</td>\n",
       "    </tr>\n",
       "    <tr>\n",
       "        <td>71.0</td>\n",
       "        <td>785.9</td>\n",
       "    </tr>\n",
       "    <tr>\n",
       "        <td>28.0</td>\n",
       "        <td>785.4</td>\n",
       "    </tr>\n",
       "    <tr>\n",
       "        <td>68.0</td>\n",
       "        <td>759.3</td>\n",
       "    </tr>\n",
       "    <tr>\n",
       "        <td>49.0</td>\n",
       "        <td>753.8</td>\n",
       "    </tr>\n",
       "    <tr>\n",
       "        <td>69.0</td>\n",
       "        <td>728.6</td>\n",
       "    </tr>\n",
       "    <tr>\n",
       "        <td>66.0</td>\n",
       "        <td>717.4</td>\n",
       "    </tr>\n",
       "    <tr>\n",
       "        <td>32.0</td>\n",
       "        <td>648.4</td>\n",
       "    </tr>\n",
       "    <tr>\n",
       "        <td>6.0</td>\n",
       "        <td>641.9</td>\n",
       "    </tr>\n",
       "    <tr>\n",
       "        <td>44.0</td>\n",
       "        <td>604.9</td>\n",
       "    </tr>\n",
       "    <tr>\n",
       "        <td>61.0</td>\n",
       "        <td>569.7</td>\n",
       "    </tr>\n",
       "    <tr>\n",
       "        <td>22.0</td>\n",
       "        <td>567.2</td>\n",
       "    </tr>\n",
       "    <tr>\n",
       "        <td>26.0</td>\n",
       "        <td>556.9</td>\n",
       "    </tr>\n",
       "    <tr>\n",
       "        <td>46.0</td>\n",
       "        <td>546.7</td>\n",
       "    </tr>\n",
       "    <tr>\n",
       "        <td>19.0</td>\n",
       "        <td>532.3</td>\n",
       "    </tr>\n",
       "    <tr>\n",
       "        <td>27.0</td>\n",
       "        <td>516.4</td>\n",
       "    </tr>\n",
       "</table>"
      ],
      "text/plain": [
       "[(25.0, Decimal('1783.9')),\n",
       " (43.0, Decimal('969.5')),\n",
       " (8.0, Decimal('941.6')),\n",
       " (23.0, Decimal('936.5')),\n",
       " (29.0, Decimal('867.0')),\n",
       " (67.0, Decimal('833.8')),\n",
       " (24.0, Decimal('807.6')),\n",
       " (71.0, Decimal('785.9')),\n",
       " (28.0, Decimal('785.4')),\n",
       " (68.0, Decimal('759.3')),\n",
       " (49.0, Decimal('753.8')),\n",
       " (69.0, Decimal('728.6')),\n",
       " (66.0, Decimal('717.4')),\n",
       " (32.0, Decimal('648.4')),\n",
       " (6.0, Decimal('641.9')),\n",
       " (44.0, Decimal('604.9')),\n",
       " (61.0, Decimal('569.7')),\n",
       " (22.0, Decimal('567.2')),\n",
       " (26.0, Decimal('556.9')),\n",
       " (46.0, Decimal('546.7')),\n",
       " (19.0, Decimal('532.3')),\n",
       " (27.0, Decimal('516.4'))]"
      ]
     },
     "execution_count": 23,
     "metadata": {},
     "output_type": "execute_result"
    }
   ],
   "source": [
    "%%sql\n",
    "SELECT community_area, ROUND(AVG(crime_count), 1) as average_crime_count\n",
    "FROM case_location\n",
    "NATURAL JOIN (\n",
    "    SELECT community_area, to_char(date, 'MM') as month, count(primary_type) as crime_count\n",
    "    FROM case_location cl\n",
    "    JOIN case_information ci USING (location_id)\n",
    "    JOIN case_reporting cr ON cr.IUCR = ci.IUCR AND cr.fbi_code = ci.fbi_code\n",
    "    GROUP BY community_area, to_char(date, 'MM')\n",
    "    ORDER BY crime_count DESC\n",
    ") as c_count\n",
    "GROUP BY community_area\n",
    "ORDER BY average_crime_count DESC\n",
    "LIMIT 22;"
   ]
  },
  {
   "cell_type": "markdown",
   "metadata": {},
   "source": [
    "### Showing arrest rate for domestic battery"
   ]
  },
  {
   "cell_type": "code",
   "execution_count": 53,
   "metadata": {},
   "outputs": [
    {
     "name": "stdout",
     "output_type": "stream",
     "text": [
      " * postgres://steinn:***@pgsql.dsa.lan/dsa_student\n",
      "22 rows affected.\n"
     ]
    },
    {
     "data": {
      "text/html": [
       "<table>\n",
       "    <tr>\n",
       "        <th>QUERY PLAN</th>\n",
       "    </tr>\n",
       "    <tr>\n",
       "        <td>Finalize GroupAggregate  (cost=6166.74..6205.93 rows=120 width=28)</td>\n",
       "    </tr>\n",
       "    <tr>\n",
       "        <td>&nbsp;&nbsp;Group Key: ci.arrest, ci.domestic, cr.primary_type</td>\n",
       "    </tr>\n",
       "    <tr>\n",
       "        <td>&nbsp;&nbsp;-&gt;  Gather Merge  (cost=6166.74..6202.33 rows=240 width=24)</td>\n",
       "    </tr>\n",
       "    <tr>\n",
       "        <td>&nbsp;&nbsp;&nbsp;&nbsp;&nbsp;&nbsp;&nbsp;&nbsp;Workers Planned: 2</td>\n",
       "    </tr>\n",
       "    <tr>\n",
       "        <td>&nbsp;&nbsp;&nbsp;&nbsp;&nbsp;&nbsp;&nbsp;&nbsp;-&gt;  Partial GroupAggregate  (cost=5166.71..5174.60 rows=120 width=24)</td>\n",
       "    </tr>\n",
       "    <tr>\n",
       "        <td>&nbsp;&nbsp;&nbsp;&nbsp;&nbsp;&nbsp;&nbsp;&nbsp;&nbsp;&nbsp;&nbsp;&nbsp;&nbsp;&nbsp;Group Key: ci.arrest, ci.domestic, cr.primary_type</td>\n",
       "    </tr>\n",
       "    <tr>\n",
       "        <td>&nbsp;&nbsp;&nbsp;&nbsp;&nbsp;&nbsp;&nbsp;&nbsp;&nbsp;&nbsp;&nbsp;&nbsp;&nbsp;&nbsp;-&gt;  Sort  (cost=5166.71..5168.05 rows=535 width=16)</td>\n",
       "    </tr>\n",
       "    <tr>\n",
       "        <td>&nbsp;&nbsp;&nbsp;&nbsp;&nbsp;&nbsp;&nbsp;&nbsp;&nbsp;&nbsp;&nbsp;&nbsp;&nbsp;&nbsp;&nbsp;&nbsp;&nbsp;&nbsp;&nbsp;&nbsp;Sort Key: ci.arrest, ci.domestic, cr.primary_type</td>\n",
       "    </tr>\n",
       "    <tr>\n",
       "        <td>&nbsp;&nbsp;&nbsp;&nbsp;&nbsp;&nbsp;&nbsp;&nbsp;&nbsp;&nbsp;&nbsp;&nbsp;&nbsp;&nbsp;&nbsp;&nbsp;&nbsp;&nbsp;&nbsp;&nbsp;-&gt;  Hash Join  (cost=19.90..5142.47 rows=535 width=16)</td>\n",
       "    </tr>\n",
       "    <tr>\n",
       "        <td>&nbsp;&nbsp;&nbsp;&nbsp;&nbsp;&nbsp;&nbsp;&nbsp;&nbsp;&nbsp;&nbsp;&nbsp;&nbsp;&nbsp;&nbsp;&nbsp;&nbsp;&nbsp;&nbsp;&nbsp;&nbsp;&nbsp;&nbsp;&nbsp;&nbsp;&nbsp;Hash Cond: ((ci.iucr = cr.iucr) AND (ci.fbi_code = cr.fbi_code))</td>\n",
       "    </tr>\n",
       "    <tr>\n",
       "        <td>&nbsp;&nbsp;&nbsp;&nbsp;&nbsp;&nbsp;&nbsp;&nbsp;&nbsp;&nbsp;&nbsp;&nbsp;&nbsp;&nbsp;&nbsp;&nbsp;&nbsp;&nbsp;&nbsp;&nbsp;&nbsp;&nbsp;&nbsp;&nbsp;&nbsp;&nbsp;-&gt;  Parallel Seq Scan on case_information ci  (cost=0.00..4953.62 rows=16360 width=10)</td>\n",
       "    </tr>\n",
       "    <tr>\n",
       "        <td>&nbsp;&nbsp;&nbsp;&nbsp;&nbsp;&nbsp;&nbsp;&nbsp;&nbsp;&nbsp;&nbsp;&nbsp;&nbsp;&nbsp;&nbsp;&nbsp;&nbsp;&nbsp;&nbsp;&nbsp;&nbsp;&nbsp;&nbsp;&nbsp;&nbsp;&nbsp;&nbsp;&nbsp;&nbsp;&nbsp;&nbsp;&nbsp;Filter: (domestic AND ((NOT arrest) OR arrest))</td>\n",
       "    </tr>\n",
       "    <tr>\n",
       "        <td>&nbsp;&nbsp;&nbsp;&nbsp;&nbsp;&nbsp;&nbsp;&nbsp;&nbsp;&nbsp;&nbsp;&nbsp;&nbsp;&nbsp;&nbsp;&nbsp;&nbsp;&nbsp;&nbsp;&nbsp;&nbsp;&nbsp;&nbsp;&nbsp;&nbsp;&nbsp;-&gt;  Hash  (cost=17.08..17.08 rows=188 width=22)</td>\n",
       "    </tr>\n",
       "    <tr>\n",
       "        <td>&nbsp;&nbsp;&nbsp;&nbsp;&nbsp;&nbsp;&nbsp;&nbsp;&nbsp;&nbsp;&nbsp;&nbsp;&nbsp;&nbsp;&nbsp;&nbsp;&nbsp;&nbsp;&nbsp;&nbsp;&nbsp;&nbsp;&nbsp;&nbsp;&nbsp;&nbsp;&nbsp;&nbsp;&nbsp;&nbsp;&nbsp;&nbsp;-&gt;  Hash Join  (cost=8.77..17.08 rows=188 width=22)</td>\n",
       "    </tr>\n",
       "    <tr>\n",
       "        <td>&nbsp;&nbsp;&nbsp;&nbsp;&nbsp;&nbsp;&nbsp;&nbsp;&nbsp;&nbsp;&nbsp;&nbsp;&nbsp;&nbsp;&nbsp;&nbsp;&nbsp;&nbsp;&nbsp;&nbsp;&nbsp;&nbsp;&nbsp;&nbsp;&nbsp;&nbsp;&nbsp;&nbsp;&nbsp;&nbsp;&nbsp;&nbsp;&nbsp;&nbsp;&nbsp;&nbsp;&nbsp;&nbsp;Hash Cond: (cr.primary_type = p_type.primary_type)</td>\n",
       "    </tr>\n",
       "    <tr>\n",
       "        <td>&nbsp;&nbsp;&nbsp;&nbsp;&nbsp;&nbsp;&nbsp;&nbsp;&nbsp;&nbsp;&nbsp;&nbsp;&nbsp;&nbsp;&nbsp;&nbsp;&nbsp;&nbsp;&nbsp;&nbsp;&nbsp;&nbsp;&nbsp;&nbsp;&nbsp;&nbsp;&nbsp;&nbsp;&nbsp;&nbsp;&nbsp;&nbsp;&nbsp;&nbsp;&nbsp;&nbsp;&nbsp;&nbsp;-&gt;  Seq Scan on case_reporting cr  (cost=0.00..7.32 rows=332 width=22)</td>\n",
       "    </tr>\n",
       "    <tr>\n",
       "        <td>&nbsp;&nbsp;&nbsp;&nbsp;&nbsp;&nbsp;&nbsp;&nbsp;&nbsp;&nbsp;&nbsp;&nbsp;&nbsp;&nbsp;&nbsp;&nbsp;&nbsp;&nbsp;&nbsp;&nbsp;&nbsp;&nbsp;&nbsp;&nbsp;&nbsp;&nbsp;&nbsp;&nbsp;&nbsp;&nbsp;&nbsp;&nbsp;&nbsp;&nbsp;&nbsp;&nbsp;&nbsp;&nbsp;-&gt;  Hash  (cost=8.55..8.55 rows=17 width=14)</td>\n",
       "    </tr>\n",
       "    <tr>\n",
       "        <td>&nbsp;&nbsp;&nbsp;&nbsp;&nbsp;&nbsp;&nbsp;&nbsp;&nbsp;&nbsp;&nbsp;&nbsp;&nbsp;&nbsp;&nbsp;&nbsp;&nbsp;&nbsp;&nbsp;&nbsp;&nbsp;&nbsp;&nbsp;&nbsp;&nbsp;&nbsp;&nbsp;&nbsp;&nbsp;&nbsp;&nbsp;&nbsp;&nbsp;&nbsp;&nbsp;&nbsp;&nbsp;&nbsp;&nbsp;&nbsp;&nbsp;&nbsp;&nbsp;&nbsp;-&gt;  Subquery Scan on p_type  (cost=0.00..8.55 rows=17 width=14)</td>\n",
       "    </tr>\n",
       "    <tr>\n",
       "        <td>&nbsp;&nbsp;&nbsp;&nbsp;&nbsp;&nbsp;&nbsp;&nbsp;&nbsp;&nbsp;&nbsp;&nbsp;&nbsp;&nbsp;&nbsp;&nbsp;&nbsp;&nbsp;&nbsp;&nbsp;&nbsp;&nbsp;&nbsp;&nbsp;&nbsp;&nbsp;&nbsp;&nbsp;&nbsp;&nbsp;&nbsp;&nbsp;&nbsp;&nbsp;&nbsp;&nbsp;&nbsp;&nbsp;&nbsp;&nbsp;&nbsp;&nbsp;&nbsp;&nbsp;&nbsp;&nbsp;&nbsp;&nbsp;&nbsp;&nbsp;-&gt;  GroupAggregate  (cost=0.00..8.38 rows=17 width=22)</td>\n",
       "    </tr>\n",
       "    <tr>\n",
       "        <td>&nbsp;&nbsp;&nbsp;&nbsp;&nbsp;&nbsp;&nbsp;&nbsp;&nbsp;&nbsp;&nbsp;&nbsp;&nbsp;&nbsp;&nbsp;&nbsp;&nbsp;&nbsp;&nbsp;&nbsp;&nbsp;&nbsp;&nbsp;&nbsp;&nbsp;&nbsp;&nbsp;&nbsp;&nbsp;&nbsp;&nbsp;&nbsp;&nbsp;&nbsp;&nbsp;&nbsp;&nbsp;&nbsp;&nbsp;&nbsp;&nbsp;&nbsp;&nbsp;&nbsp;&nbsp;&nbsp;&nbsp;&nbsp;&nbsp;&nbsp;&nbsp;&nbsp;&nbsp;&nbsp;&nbsp;&nbsp;Group Key: cr_1.primary_type</td>\n",
       "    </tr>\n",
       "    <tr>\n",
       "        <td>&nbsp;&nbsp;&nbsp;&nbsp;&nbsp;&nbsp;&nbsp;&nbsp;&nbsp;&nbsp;&nbsp;&nbsp;&nbsp;&nbsp;&nbsp;&nbsp;&nbsp;&nbsp;&nbsp;&nbsp;&nbsp;&nbsp;&nbsp;&nbsp;&nbsp;&nbsp;&nbsp;&nbsp;&nbsp;&nbsp;&nbsp;&nbsp;&nbsp;&nbsp;&nbsp;&nbsp;&nbsp;&nbsp;&nbsp;&nbsp;&nbsp;&nbsp;&nbsp;&nbsp;&nbsp;&nbsp;&nbsp;&nbsp;&nbsp;&nbsp;&nbsp;&nbsp;&nbsp;&nbsp;&nbsp;&nbsp;-&gt;  Seq Scan on case_reporting cr_1  (cost=0.00..8.15 rows=25 width=14)</td>\n",
       "    </tr>\n",
       "    <tr>\n",
       "        <td>&nbsp;&nbsp;&nbsp;&nbsp;&nbsp;&nbsp;&nbsp;&nbsp;&nbsp;&nbsp;&nbsp;&nbsp;&nbsp;&nbsp;&nbsp;&nbsp;&nbsp;&nbsp;&nbsp;&nbsp;&nbsp;&nbsp;&nbsp;&nbsp;&nbsp;&nbsp;&nbsp;&nbsp;&nbsp;&nbsp;&nbsp;&nbsp;&nbsp;&nbsp;&nbsp;&nbsp;&nbsp;&nbsp;&nbsp;&nbsp;&nbsp;&nbsp;&nbsp;&nbsp;&nbsp;&nbsp;&nbsp;&nbsp;&nbsp;&nbsp;&nbsp;&nbsp;&nbsp;&nbsp;&nbsp;&nbsp;&nbsp;&nbsp;&nbsp;&nbsp;&nbsp;&nbsp;Filter: (primary_type = &#x27;BATTERY&#x27;::text)</td>\n",
       "    </tr>\n",
       "</table>"
      ],
      "text/plain": [
       "[('Finalize GroupAggregate  (cost=6166.74..6205.93 rows=120 width=28)',),\n",
       " ('  Group Key: ci.arrest, ci.domestic, cr.primary_type',),\n",
       " ('  ->  Gather Merge  (cost=6166.74..6202.33 rows=240 width=24)',),\n",
       " ('        Workers Planned: 2',),\n",
       " ('        ->  Partial GroupAggregate  (cost=5166.71..5174.60 rows=120 width=24)',),\n",
       " ('              Group Key: ci.arrest, ci.domestic, cr.primary_type',),\n",
       " ('              ->  Sort  (cost=5166.71..5168.05 rows=535 width=16)',),\n",
       " ('                    Sort Key: ci.arrest, ci.domestic, cr.primary_type',),\n",
       " ('                    ->  Hash Join  (cost=19.90..5142.47 rows=535 width=16)',),\n",
       " ('                          Hash Cond: ((ci.iucr = cr.iucr) AND (ci.fbi_code = cr.fbi_code))',),\n",
       " ('                          ->  Parallel Seq Scan on case_information ci  (cost=0.00..4953.62 rows=16360 width=10)',),\n",
       " ('                                Filter: (domestic AND ((NOT arrest) OR arrest))',),\n",
       " ('                          ->  Hash  (cost=17.08..17.08 rows=188 width=22)',),\n",
       " ('                                ->  Hash Join  (cost=8.77..17.08 rows=188 width=22)',),\n",
       " ('                                      Hash Cond: (cr.primary_type = p_type.primary_type)',),\n",
       " ('                                      ->  Seq Scan on case_reporting cr  (cost=0.00..7.32 rows=332 width=22)',),\n",
       " ('                                      ->  Hash  (cost=8.55..8.55 rows=17 width=14)',),\n",
       " ('                                            ->  Subquery Scan on p_type  (cost=0.00..8.55 rows=17 width=14)',),\n",
       " ('                                                  ->  GroupAggregate  (cost=0.00..8.38 rows=17 width=22)',),\n",
       " ('                                                        Group Key: cr_1.primary_type',),\n",
       " ('                                                        ->  Seq Scan on case_reporting cr_1  (cost=0.00..8.15 rows=25 width=14)',),\n",
       " (\"                                                              Filter: (primary_type = 'BATTERY'::text)\",)]"
      ]
     },
     "execution_count": 53,
     "metadata": {},
     "output_type": "execute_result"
    }
   ],
   "source": [
    "%%sql\n",
    "EXPLAIN\n",
    "SELECT arrest, domestic, primary_type, count(*) as crime_count, (591600/22921) as percent_arrest_rate\n",
    "FROM case_information ci\n",
    "JOIN case_reporting cr ON cr.IUCR = ci.IUCR AND cr.fbi_code = ci.fbi_code\n",
    "NATURAL JOIN(\n",
    "    SELECT primary_type, count(*)\n",
    "    FROM case_reporting cr\n",
    "    WHERE primary_type = 'BATTERY'\n",
    "    GROUP BY primary_type) as p_type\n",
    "WHERE (arrest = 'FALSE' AND domestic = 'TRUE') OR (arrest = 'TRUE' AND domestic = 'TRUE')\n",
    "GROUP BY arrest, domestic, primary_type"
   ]
  },
  {
   "cell_type": "code",
   "execution_count": 54,
   "metadata": {},
   "outputs": [
    {
     "name": "stdout",
     "output_type": "stream",
     "text": [
      " * postgres://steinn:***@pgsql.dsa.lan/dsa_student\n",
      "2 rows affected.\n"
     ]
    },
    {
     "data": {
      "text/html": [
       "<table>\n",
       "    <tr>\n",
       "        <th>arrest</th>\n",
       "        <th>domestic</th>\n",
       "        <th>primary_type</th>\n",
       "        <th>crime_count</th>\n",
       "        <th>percent_arrest_rate</th>\n",
       "    </tr>\n",
       "    <tr>\n",
       "        <td>False</td>\n",
       "        <td>True</td>\n",
       "        <td>BATTERY</td>\n",
       "        <td>22921</td>\n",
       "        <td>25</td>\n",
       "    </tr>\n",
       "    <tr>\n",
       "        <td>True</td>\n",
       "        <td>True</td>\n",
       "        <td>BATTERY</td>\n",
       "        <td>5916</td>\n",
       "        <td>25</td>\n",
       "    </tr>\n",
       "</table>"
      ],
      "text/plain": [
       "[(False, True, 'BATTERY', 22921, 25), (True, True, 'BATTERY', 5916, 25)]"
      ]
     },
     "execution_count": 54,
     "metadata": {},
     "output_type": "execute_result"
    }
   ],
   "source": [
    "%%sql\n",
    "SELECT arrest, domestic, primary_type, count(*) as crime_count, (591600/22921) as percent_arrest_rate\n",
    "FROM case_information ci\n",
    "JOIN case_reporting cr ON cr.IUCR = ci.IUCR AND cr.fbi_code = ci.fbi_code\n",
    "NATURAL JOIN(\n",
    "    SELECT primary_type, count(*)\n",
    "    FROM case_reporting cr\n",
    "    WHERE primary_type = 'BATTERY'\n",
    "    GROUP BY primary_type) as p_type\n",
    "WHERE (arrest = 'FALSE' AND domestic = 'TRUE') OR (arrest = 'TRUE' AND domestic = 'TRUE')\n",
    "GROUP BY arrest, domestic, primary_type"
   ]
  },
  {
   "cell_type": "markdown",
   "metadata": {},
   "source": [
    "### Showing 5 most common crimes in Chicago"
   ]
  },
  {
   "cell_type": "code",
   "execution_count": 55,
   "metadata": {},
   "outputs": [
    {
     "name": "stdout",
     "output_type": "stream",
     "text": [
      " * postgres://steinn:***@pgsql.dsa.lan/dsa_student\n",
      "6 rows affected.\n"
     ]
    },
    {
     "data": {
      "text/html": [
       "<table>\n",
       "    <tr>\n",
       "        <th>QUERY PLAN</th>\n",
       "    </tr>\n",
       "    <tr>\n",
       "        <td>Limit  (cost=9.78..9.79 rows=5 width=22)</td>\n",
       "    </tr>\n",
       "    <tr>\n",
       "        <td>&nbsp;&nbsp;-&gt;  Sort  (cost=9.78..9.85 rows=30 width=22)</td>\n",
       "    </tr>\n",
       "    <tr>\n",
       "        <td>&nbsp;&nbsp;&nbsp;&nbsp;&nbsp;&nbsp;&nbsp;&nbsp;Sort Key: (count(*)) DESC</td>\n",
       "    </tr>\n",
       "    <tr>\n",
       "        <td>&nbsp;&nbsp;&nbsp;&nbsp;&nbsp;&nbsp;&nbsp;&nbsp;-&gt;  HashAggregate  (cost=8.98..9.28 rows=30 width=22)</td>\n",
       "    </tr>\n",
       "    <tr>\n",
       "        <td>&nbsp;&nbsp;&nbsp;&nbsp;&nbsp;&nbsp;&nbsp;&nbsp;&nbsp;&nbsp;&nbsp;&nbsp;&nbsp;&nbsp;Group Key: primary_type</td>\n",
       "    </tr>\n",
       "    <tr>\n",
       "        <td>&nbsp;&nbsp;&nbsp;&nbsp;&nbsp;&nbsp;&nbsp;&nbsp;&nbsp;&nbsp;&nbsp;&nbsp;&nbsp;&nbsp;-&gt;  Seq Scan on case_reporting  (cost=0.00..7.32 rows=332 width=14)</td>\n",
       "    </tr>\n",
       "</table>"
      ],
      "text/plain": [
       "[('Limit  (cost=9.78..9.79 rows=5 width=22)',),\n",
       " ('  ->  Sort  (cost=9.78..9.85 rows=30 width=22)',),\n",
       " ('        Sort Key: (count(*)) DESC',),\n",
       " ('        ->  HashAggregate  (cost=8.98..9.28 rows=30 width=22)',),\n",
       " ('              Group Key: primary_type',),\n",
       " ('              ->  Seq Scan on case_reporting  (cost=0.00..7.32 rows=332 width=14)',)]"
      ]
     },
     "execution_count": 55,
     "metadata": {},
     "output_type": "execute_result"
    }
   ],
   "source": [
    "%%sql\n",
    "EXPLAIN\n",
    "SELECT primary_type, count(*)\n",
    "FROM case_reporting\n",
    "GROUP BY primary_type\n",
    "ORDER BY count(*) DESC\n",
    "LIMIT 5;"
   ]
  },
  {
   "cell_type": "code",
   "execution_count": 58,
   "metadata": {},
   "outputs": [
    {
     "name": "stdout",
     "output_type": "stream",
     "text": [
      " * postgres://steinn:***@pgsql.dsa.lan/dsa_student\n",
      "5 rows affected.\n"
     ]
    },
    {
     "data": {
      "text/html": [
       "<table>\n",
       "    <tr>\n",
       "        <th>primary_type</th>\n",
       "        <th>count</th>\n",
       "    </tr>\n",
       "    <tr>\n",
       "        <td>THEFT</td>\n",
       "        <td>75462</td>\n",
       "    </tr>\n",
       "    <tr>\n",
       "        <td>BATTERY</td>\n",
       "        <td>59137</td>\n",
       "    </tr>\n",
       "    <tr>\n",
       "        <td>CRIMINAL DAMAGE</td>\n",
       "        <td>35854</td>\n",
       "    </tr>\n",
       "    <tr>\n",
       "        <td>NARCOTICS</td>\n",
       "        <td>35488</td>\n",
       "    </tr>\n",
       "    <tr>\n",
       "        <td>BURGLARY</td>\n",
       "        <td>22845</td>\n",
       "    </tr>\n",
       "</table>"
      ],
      "text/plain": [
       "[('THEFT', 75462),\n",
       " ('BATTERY', 59137),\n",
       " ('CRIMINAL DAMAGE', 35854),\n",
       " ('NARCOTICS', 35488),\n",
       " ('BURGLARY', 22845)]"
      ]
     },
     "execution_count": 58,
     "metadata": {},
     "output_type": "execute_result"
    }
   ],
   "source": [
    "%%sql\n",
    "SELECT primary_type, count(*)\n",
    "FROM case_reporting cr\n",
    "JOIN case_information ci ON cr.IUCR = ci.IUCR AND cr.fbi_code = ci.fbi_code\n",
    "JOIN case_location cl USING (location_id)\n",
    "GROUP BY primary_type\n",
    "ORDER BY count(*) DESC\n",
    "LIMIT 5;"
   ]
  },
  {
   "cell_type": "markdown",
   "metadata": {},
   "source": [
    "### Plotting two time series for crime count and arrest count per month"
   ]
  },
  {
   "cell_type": "code",
   "execution_count": 39,
   "metadata": {},
   "outputs": [],
   "source": [
    "import psycopg2\n",
    "import sqlalchemy\n",
    "db_url = f'postgres://{SSO}:{read_password}@{hostname}/{database}'\n",
    "conn = sqlalchemy.create_engine(db_url, client_encoding = 'utf8')"
   ]
  },
  {
   "cell_type": "code",
   "execution_count": 40,
   "metadata": {},
   "outputs": [
    {
     "name": "stdout",
     "output_type": "stream",
     "text": [
      "SELECT EXTRACT(MONTH FROM date) as month, count(arrest) as arrest_count FROM case_information WHERE arrest = TRUE GROUP BY EXTRACT(MONTH FROM date) ORDER BY EXTRACT(MONTH FROM date)\n"
     ]
    },
    {
     "data": {
      "text/html": [
       "<div>\n",
       "<style scoped>\n",
       "    .dataframe tbody tr th:only-of-type {\n",
       "        vertical-align: middle;\n",
       "    }\n",
       "\n",
       "    .dataframe tbody tr th {\n",
       "        vertical-align: top;\n",
       "    }\n",
       "\n",
       "    .dataframe thead th {\n",
       "        text-align: right;\n",
       "    }\n",
       "</style>\n",
       "<table border=\"1\" class=\"dataframe\">\n",
       "  <thead>\n",
       "    <tr style=\"text-align: right;\">\n",
       "      <th></th>\n",
       "      <th>month</th>\n",
       "      <th>arrest_count</th>\n",
       "    </tr>\n",
       "  </thead>\n",
       "  <tbody>\n",
       "    <tr>\n",
       "      <th>0</th>\n",
       "      <td>1.0</td>\n",
       "      <td>7569</td>\n",
       "    </tr>\n",
       "    <tr>\n",
       "      <th>1</th>\n",
       "      <td>2.0</td>\n",
       "      <td>7628</td>\n",
       "    </tr>\n",
       "    <tr>\n",
       "      <th>2</th>\n",
       "      <td>3.0</td>\n",
       "      <td>8406</td>\n",
       "    </tr>\n",
       "    <tr>\n",
       "      <th>3</th>\n",
       "      <td>4.0</td>\n",
       "      <td>7408</td>\n",
       "    </tr>\n",
       "    <tr>\n",
       "      <th>4</th>\n",
       "      <td>5.0</td>\n",
       "      <td>7900</td>\n",
       "    </tr>\n",
       "    <tr>\n",
       "      <th>5</th>\n",
       "      <td>6.0</td>\n",
       "      <td>8042</td>\n",
       "    </tr>\n",
       "    <tr>\n",
       "      <th>6</th>\n",
       "      <td>7.0</td>\n",
       "      <td>8444</td>\n",
       "    </tr>\n",
       "    <tr>\n",
       "      <th>7</th>\n",
       "      <td>8.0</td>\n",
       "      <td>7709</td>\n",
       "    </tr>\n",
       "    <tr>\n",
       "      <th>8</th>\n",
       "      <td>9.0</td>\n",
       "      <td>7277</td>\n",
       "    </tr>\n",
       "    <tr>\n",
       "      <th>9</th>\n",
       "      <td>10.0</td>\n",
       "      <td>7225</td>\n",
       "    </tr>\n",
       "    <tr>\n",
       "      <th>10</th>\n",
       "      <td>11.0</td>\n",
       "      <td>6543</td>\n",
       "    </tr>\n",
       "    <tr>\n",
       "      <th>11</th>\n",
       "      <td>12.0</td>\n",
       "      <td>6468</td>\n",
       "    </tr>\n",
       "  </tbody>\n",
       "</table>\n",
       "</div>"
      ],
      "text/plain": [
       "    month  arrest_count\n",
       "0     1.0          7569\n",
       "1     2.0          7628\n",
       "2     3.0          8406\n",
       "3     4.0          7408\n",
       "4     5.0          7900\n",
       "5     6.0          8042\n",
       "6     7.0          8444\n",
       "7     8.0          7709\n",
       "8     9.0          7277\n",
       "9    10.0          7225\n",
       "10   11.0          6543\n",
       "11   12.0          6468"
      ]
     },
     "execution_count": 40,
     "metadata": {},
     "output_type": "execute_result"
    }
   ],
   "source": [
    "import pandas as pd\n",
    "\n",
    "SQL = \"SELECT EXTRACT(MONTH FROM date) as month, count(arrest) as arrest_count\"\n",
    "SQL += \" FROM case_information\"\n",
    "SQL += \" WHERE arrest = TRUE\"\n",
    "SQL += \" GROUP BY EXTRACT(MONTH FROM date)\"\n",
    "SQL += \" ORDER BY EXTRACT(MONTH FROM date)\"\n",
    "\n",
    "print(SQL)\n",
    "arrest_count = pd.read_sql(SQL, conn)\n",
    "arrest_count"
   ]
  },
  {
   "cell_type": "code",
   "execution_count": 41,
   "metadata": {},
   "outputs": [
    {
     "name": "stdout",
     "output_type": "stream",
     "text": [
      "\n",
      "SELECT EXTRACT(MONTH FROM date) as month, count(crime) as crime_count\n",
      "FROM case_information\n",
      "NATURAL JOIN (\n",
      "    SELECT IUCR, fbi_code, primary_type \n",
      "    FROM case_reporting\n",
      "    GROUP BY IUCR, fbi_code, primary_type\n",
      "    ) as crime\n",
      "GROUP BY EXTRACT(MONTH FROM date)\n",
      "ORDER BY EXTRACT(MONTH FROM date)\n",
      "\n"
     ]
    },
    {
     "data": {
      "text/html": [
       "<div>\n",
       "<style scoped>\n",
       "    .dataframe tbody tr th:only-of-type {\n",
       "        vertical-align: middle;\n",
       "    }\n",
       "\n",
       "    .dataframe tbody tr th {\n",
       "        vertical-align: top;\n",
       "    }\n",
       "\n",
       "    .dataframe thead th {\n",
       "        text-align: right;\n",
       "    }\n",
       "</style>\n",
       "<table border=\"1\" class=\"dataframe\">\n",
       "  <thead>\n",
       "    <tr style=\"text-align: right;\">\n",
       "      <th></th>\n",
       "      <th>month</th>\n",
       "      <th>crime_count</th>\n",
       "    </tr>\n",
       "  </thead>\n",
       "  <tbody>\n",
       "    <tr>\n",
       "      <th>0</th>\n",
       "      <td>1.0</td>\n",
       "      <td>26295</td>\n",
       "    </tr>\n",
       "    <tr>\n",
       "      <th>1</th>\n",
       "      <td>2.0</td>\n",
       "      <td>23879</td>\n",
       "    </tr>\n",
       "    <tr>\n",
       "      <th>2</th>\n",
       "      <td>3.0</td>\n",
       "      <td>28568</td>\n",
       "    </tr>\n",
       "    <tr>\n",
       "      <th>3</th>\n",
       "      <td>4.0</td>\n",
       "      <td>27184</td>\n",
       "    </tr>\n",
       "    <tr>\n",
       "      <th>4</th>\n",
       "      <td>5.0</td>\n",
       "      <td>30104</td>\n",
       "    </tr>\n",
       "    <tr>\n",
       "      <th>5</th>\n",
       "      <td>6.0</td>\n",
       "      <td>31086</td>\n",
       "    </tr>\n",
       "    <tr>\n",
       "      <th>6</th>\n",
       "      <td>7.0</td>\n",
       "      <td>31983</td>\n",
       "    </tr>\n",
       "    <tr>\n",
       "      <th>7</th>\n",
       "      <td>8.0</td>\n",
       "      <td>30046</td>\n",
       "    </tr>\n",
       "    <tr>\n",
       "      <th>8</th>\n",
       "      <td>9.0</td>\n",
       "      <td>27764</td>\n",
       "    </tr>\n",
       "    <tr>\n",
       "      <th>9</th>\n",
       "      <td>10.0</td>\n",
       "      <td>27974</td>\n",
       "    </tr>\n",
       "    <tr>\n",
       "      <th>10</th>\n",
       "      <td>11.0</td>\n",
       "      <td>26038</td>\n",
       "    </tr>\n",
       "    <tr>\n",
       "      <th>11</th>\n",
       "      <td>12.0</td>\n",
       "      <td>25228</td>\n",
       "    </tr>\n",
       "  </tbody>\n",
       "</table>\n",
       "</div>"
      ],
      "text/plain": [
       "    month  crime_count\n",
       "0     1.0        26295\n",
       "1     2.0        23879\n",
       "2     3.0        28568\n",
       "3     4.0        27184\n",
       "4     5.0        30104\n",
       "5     6.0        31086\n",
       "6     7.0        31983\n",
       "7     8.0        30046\n",
       "8     9.0        27764\n",
       "9    10.0        27974\n",
       "10   11.0        26038\n",
       "11   12.0        25228"
      ]
     },
     "execution_count": 41,
     "metadata": {},
     "output_type": "execute_result"
    }
   ],
   "source": [
    "import pandas as pd\n",
    "\n",
    "SQL = \"\"\"\n",
    "SELECT EXTRACT(MONTH FROM date) as month, count(crime) as crime_count\n",
    "FROM case_information\n",
    "NATURAL JOIN (\n",
    "    SELECT IUCR, fbi_code, primary_type \n",
    "    FROM case_reporting\n",
    "    GROUP BY IUCR, fbi_code, primary_type\n",
    "    ) as crime\n",
    "GROUP BY EXTRACT(MONTH FROM date)\n",
    "ORDER BY EXTRACT(MONTH FROM date)\n",
    "\"\"\"\n",
    "\n",
    "print(SQL)\n",
    "crime_count = pd.read_sql(SQL, conn)\n",
    "crime_count"
   ]
  },
  {
   "cell_type": "code",
   "execution_count": 44,
   "metadata": {},
   "outputs": [
    {
     "data": {
      "text/plain": [
       "Text(0, 0.5, 'counts')"
      ]
     },
     "execution_count": 44,
     "metadata": {},
     "output_type": "execute_result"
    },
    {
     "data": {
      "image/png": "iVBORw0KGgoAAAANSUhEUgAAAuYAAAHgCAYAAADpKKjTAAAABHNCSVQICAgIfAhkiAAAAAlwSFlzAAALEgAACxIB0t1+/AAAADh0RVh0U29mdHdhcmUAbWF0cGxvdGxpYiB2ZXJzaW9uMy4xLjEsIGh0dHA6Ly9tYXRwbG90bGliLm9yZy8QZhcZAAAgAElEQVR4nOzdd5iU1d3/8fdhqUpHRAQiiBUEVBZBsWJDg10sid1oYmyJMerzxMT81OTRxGg0tljR2MEau6ixorIgimDDShMQkAWk7p7fH2dQMAgD7uzcu/t+XddcO3uXub+ztA9nzvneIcaIJEmSpOKqV+wCJEmSJBnMJUmSpEwwmEuSJEkZYDCXJEmSMsBgLkmSJGWAwVySJEnKgPrFLqC6rbfeerFz587FLkOSJEm12KhRo76MMbZdk3PqXDDv3LkzZWVlxS5DkiRJtVgI4bM1PcepLJIkSVIGGMwlSZKkDDCYS5IkSRlQ5+aYS5Ik1RZLlixh0qRJLFy4sNil1FmNGzemY8eONGjQ4Ae/lsFckiSphpo0aRLNmjWjc+fOhBCKXU6dE2Nk5syZTJo0iS5duvzg13MqiyRJUg21cOFC2rRpYygvkhACbdq0qbJPLAzmkiRJNZihvLiq8udvMJckSVJmjRkzhscff7yoNXz66afcddddBb+OwVySJEkFU1FRscrvV8dgLkmSJOXhwAMPpHfv3nTv3p0bbrgBgKZNm/Kb3/yGXr16MWLECDp37sy5557Ltttuy9ChQ/noo48YOHAgvXv3ZqedduK9994DYOjQoWy11Vb06tWLnXfemcWLF/OHP/yBe++9l6233pp77713pTXMmzeP448/nh49etCzZ0/uv/9+AO6++2569OjBVlttxbnnnvvN8U2bNv3m+bBhwzjuuOMAOO644zjjjDPYYYcd2HjjjRk2bBgA5513Hi+99BJbb701V1xxRZX/DJexK4skSVIt8P/+PY7xU8qr9DW7bdicC/brvspjbrnlFlq3bs2CBQvo06cPhxxyCPPnz6dv37787W9/++a4Nm3aMHr0aAB23313rr/+ejbddFNef/11fvnLX/Lcc89x4YUX8tRTT9GhQwe++uorGjZsyIUXXkhZWRlXX33199Zw0UUX0aJFC8aOHQvA7NmzmTJlCueeey6jRo2iVatW7LXXXjz00EMceOCBq3w/U6dO5eWXX+a9995j//3359BDD+WSSy7hsssu49FHH833R7dWDOaSJElaa1dddRUPPvggABMnTuTDDz+kpKSEQw45ZIXjDj/8cCCNbr/66qsMHjz4m32LFi0CoH///hx33HEcdthhHHzwwXnXMHz4cO65555vvm/VqhUvvvgiu+66K23btgXgpz/9KS+++OJqg/mBBx5IvXr16NatG9OmTcu7hqpgMJckSaoFVjeyXQj/+c9/GD58OCNGjGCdddZh1113ZeHChTRu3JiSkpIVjl133XUBqKyspGXLlowZM+a/Xu/666/n9ddf57HHHqN3796MGjWqIHUv30nlu60OGzVq9M3zGGNBrv99nGMuSZKktTJnzhxatWrFOuusw3vvvcdrr7222nOaN29Oly5dGDp0KJDC71tvvQXARx99RN++fbnwwgtp27YtEydOpFmzZsydO3eVr7nnnntyzTXXfPP97Nmz2W677XjhhRf48ssvqaio4O6772aXXXYBoF27drz77rtUVlZ+M9q/KvnUUBUM5pIkSVorAwcOZOnSpWy55Zacd9559OvXL6/z7rzzTm6++WZ69epF9+7defjhhwH47W9/+81izR122IFevXqx2267MX78+FUu/jz//POZPXv2NwtHn3/+edq3b88ll1zCbrvtRq9evejduzcHHHAAAJdccgmDBg1ihx12oH379qutt2fPnpSUlNCrV6+CLv4M1T1EX2ylpaWxrKys2GVIkiT9YO+++y5bbrllscuo81b26xBCGBVjLF2T13HEXJKUTZUVUMcGjyTVbS7+lCRlw9ezYOLr6fH56zBlNDRrDzufDT0Ph5IGxa5QUpHdeuutXHnllSts69+//wrzy2syg7kkqfrFCF9+CBNf+zaIz/ww7avXANr3gt7Hwecj4OFT4YVLYaffQK+fQP2GRS1dUvEcf/zxHH/88cUuo2AM5pKkwlv8dRoBXxbCJ70BC2anfU1aQ6e+sPVP4Ef9YMNtoEGTtC9G+PBp+M8l8O8z4cXLYMdfwzZHQf1G3389SaqBDOaSpKpXPiU3LeUN+Pw1+OJtqFya9q23OWwxKIXwTn2hzSawXE/hFYQAm+0Nm+4FHz0L/7kUHjvr24C+7THQoHH1vS9JKiCDuSTph6lYCtPHfRvCJ74Bcz5P++o3gQ69YYczUhDv2AfWab3m1wgBNtkDuu4OH/8nTW154rfw0t9gx1/BtsdCw3Wq9G1JUnUzmEuS1szCOTBp5LdBfPIoWDwv7WvWPo2C9zsFftQXNuhZtYs2Q4Cuu8HGu8KnL6eA/uR58NLl0P8MKD0BGq5bddeTpGpkMJckfb8YYfYnK46GTx8PRAj1oN1W0OvI3LSU7aBFp++fllKVQoAuO6XHp6/Ai3+Bp8+Hl6+AHU6HPidBo6aFr0OSqpDBXJL0raWLYOpbuUWauSA+f3ra16h5morS7YA0Gt6hNzRqVtx6ATr3h84Pp0WlL1wKw/8Ir1wF258K250MjZsXu0KpTnvkkUcYP3485513XrFLWSsPPfQQm222Gd26dSv4tQzmklSXzZuROqQsC+FT3oSKRWlfqy7QdUAK4Z36QtstoF5JcetdlR/1haMfgEll8MJf4LmL4NV/fBvQm7QsdoVSnbN06VL2339/9t9//2KXstYeeughBg0aVC3BPMQ6dle10tLSWFZWVuwyJKn6VVbCl+9/27Jw4usw66O0r6QhtN86TUf5UT/ouB00a1fcen+oKW/CC3+F9x+DRi2g3y+g7y/WbvGplFEr3Ar+ifPgi7FVe4ENesA+l6zykNtvv53LLruMEAI9e/akpKSExo0b8+abb9K/f3969uxJWVkZV199NccddxxNmjThzTffZPr06dxyyy3cfvvtjBgxgr59+zJkyBAAnn76aS644AIWLVpE165dufXWW2nadOXT00aOHMmZZ57J/PnzadSoEc8++ywNGjTglFNOoaysjPr163P55Zez2267MWTIkG9qARg0aBBnn302u+66K02bNuXMM8/k0UcfpUmTJjz88MN89NFHDBo0iBYtWtCiRQvuv/9+unbt+l81rPDrkBNCGBVjLF2TH7cj5pJUWy2enxZmLgvhk95ICzcB1lkvjYJve0wK4u23rn1tBzfcBo68C6a+neagv3ApjLgW+p4M/U6FddsUu0Kpxhs3bhwXX3wxr776Kuuttx6zZs3irLPOYtKkSbz66quUlJR8E7aXmT17NiNGjOCRRx5h//3355VXXuGmm26iT58+jBkzho4dO3LxxRczfPhw1l13XS699FIuv/xy/vCHP/zX9RcvXszhhx/OvffeS58+fSgvL6dJkyZceeWVhBAYO3Ys7733HnvttRcffPDBKt/L/Pnz6devH3/6058455xzuPHGGzn//PPZf//9GTRoEIceemhV/uhWymAuSbXFnEnfTkmZ+HoaOYsVaV/bLaHbgd/2Dm+9cfUs0syC9j3h8Dtg2jh48a+pg8tr18N2J6WFouuuV+wKpaqxmpHtQnjuuecYPHgw662X/hy1bp0+kRo8eDAlJSuf+rbffvsRQqBHjx60a9eOHj16ANC9e3c+/fRTJk2axPjx4+nfvz+Qwvf222+/0td6//33ad++PX369AGgefO0puTll1/m9NNPB2CLLbZgo402Wm0wb9iwIYMGDQKgd+/ePPPMM3n/HKqKwVySaqKKpTBt7Lej4RNfh/LJaV+DddLCzB1/nZuWUgpNWhW33ixo1x0GD4Fd3k03KHrlSnjjhtRisf+Z0HT9Ylco1Rrrrvv9bUsbNUp37a1Xr943z5d9v3TpUkpKSthzzz25++67q7yu+vXrU1lZ+c33Cxcu/OZ5gwYNCLkBi5KSEpYuXVrl119tfdV+RUnSmlvwVeod/vlrKYRPHgVLvk77mndIo+Cd+qYFkO22qtre4bXN+lvCoTfDLuemGxS9di2MvCkF9B3OgObti12hVGMMGDCAgw46iLPOOos2bdowa9asH/ya/fr149RTT2XChAlssskmzJ8/n8mTJ7PZZpv917Gbb745U6dOZeTIkfTp04e5c+fSpEkTdtppJ+68804GDBjABx98wOeff87mm29OeXk51157LZWVlUyePJk33nhjtfU0a9aMuXPn/uD3lQ+DuSRl0YKv4PMR6SY6n76U5kkTIZSkxVjbHP1tt5QWHYtdbc3UdjM4+J+wyzkpoL/+Txh5M/Q+Fvr/Clp0KHaFUuZ1796d3/3ud+yyyy6UlJSwzTbb/ODXbNu2LUOGDOHII49k0aLUJeriiy9eaTBv2LAh9957L6effjoLFiygSZMmDB8+nF/+8peccsop9OjRg/r16zNkyBAaNWpE//796dKlC926dWPLLbdk2223XW09RxxxBCeddBJXXXUVw4YNW+niz6piVxZJyoLvC+IljVLv8M47wkY75HqHe+Ocgpj1SQrob92dbp60zVGw41nQslOxK5O+18q6gaj62ZVFkmqy1QXxXc5NYbxjn9rXLSWrWneBA66GnX+b7iA6+l/psfVPYKezoFXnYlcoqZYzmEtSdTCI1xytNoL9/g47nw0v/x1G3wZj7oReR8BOv0kdbSRVu4MOOohPPvlkhW2XXnope++9d5EqqnoGc0kqBIN4zdeiI/z4sjRa/sqVMGoIjLkbeh4GO50N621S7AqlOuXBBx8sdgkFZzCXpKqwqiDeaTvY9bwUxDuUGsRrmuYbwj6XpvaTr/4jLRB9+17Y6pA07aXt5sWuUHVcjPGbNn+qflW5XtNgLklrwyBe9zTbAPb+U+rY8upVqcXi2GHQ/aAU0Nt1K3aFqoMaN27MzJkzadOmjeG8CGKMzJw5k8aNq+bvebuySFI+VhfEO+9oEK9r5n8JI65JNylaPA+23D+1XtygR7ErUx2yZMkSJk2atMKNclS9GjduTMeOHWnQYMX7R6xNVxaDuSStjEFc+fp6Frx2Hbx+PSwqhy0GpRH0DbcudmWSishgngeDuaSVMojrh1owO92k6LVrYeEc2Gwg7HwOdOxd7MokFYHBPA8Gc0mAQVyFs3BOmt4y4poU1jfZI3Xh6bRdsSuTVI0M5nkwmEt1lEFc1W3RXHjjxtTJZcEs2Hi3FNA32r7YlUmqBgbzPBjMpTrCIK6sWDQPym6GV66Cr7+EzjulgN5lp2JXJqmADOZ5MJhLtZRBXFm3+GsYdWu6WdG8abBR/9TFpcsuYJs7qdbJVDAPITQGXgQakfqlD4sxXhBC6ALcA7QBRgFHxxgXhxAaAbcDvYGZwOExxk9zr/U/wIlABXBGjPGp3PaBwJVACXBTjPGS1dVlMJdqCYO4aqolC2D07fDyFTB3KnTqmwJ6190N6FItkrVgHoB1Y4zzQggNgJeBM4GzgAdijPeEEK4H3ooxXhdC+CXQM8b4ixDCEcBBMcbDQwjdgLuB7YANgeHAZrnLfADsCUwCRgJHxhjHr6oug7lUwy2eD0+cA2/eiUFcNdqShfDmv1JAL5+cfu/uci5suqcBXaoF1iaYF+zOnzEl/nm5bxvkHhEYAPwkt/024I/AdcABuecAw4Crc+H+AOCeGOMi4JMQwgRSSAeYEGP8GCCEcE/u2FUGc0k12LRxMPQ4+PJD6Ptz2HI/g7hqrgaNYbuTYNtjYMxd8NLlcNdg6NQP9rnUPuhSHVSvkC8eQigJIYwBpgPPAB8BX8UYl+YOmQR0yD3vAEwEyO2fQ5ru8s3275zzfdtXVsfJIYSyEELZjBkzquKtSapOMcKoIXDjgNSK7piHUnDpvKOhXDVf/UZQejycMRoGXQEzJ8ANu8Ijp8M8/82S6pKCBvMYY0WMcWugI2mUe4tCXm8VddwQYyyNMZa2bdu2GCVIWlsLy+H+E+HfZ8KP+sEvXoaNdy12VVLVK2kApSfA6aNg+1PTKPo/toVXr4ali4tdnaRqUNBgvkyM8SvgeWB7oGUIYdkUmo7A5NzzyUAngNz+FqRFoN9s/84537ddUm0xZQzcsAuMexAG/B6OehCarl/sqqTCatIS9v4TnDIirZ94+ndw3Q7w4fBiVyapwAoWzEMIbUMILXPPm5AWab5LCuiH5g47Fng49/yR3Pfk9j+Xm6f+CHBECKFRrqPLpsAbpMWem4YQuoQQGgJH5I6VVNPFCK/fADfvmRbIHfcY7Hw21KuWsQQpG9puBj8dBkfeC7EC7jwE7jwMZn5U7MokFUjBFn8C7YHbQgglpP8A3BdjfDSEMB64J4RwMfAmcHPu+JuBf+UWd84iBW1ijONCCPeRFnUuBU6NMVYAhBBOA54itUu8JcY4roDvR1J1WPAVPHIavPtv2HRvOPA6WLdNsauSiiME2HwgdN0NXr8eXvgrXNMX+p0CO/8WGjcvdoWSqpA3GJKUHZPKYNjxUD4F9vgj9DvVUXJpeXOnwbMXwpg7YN31YY8LoNdP/HMiZdDatEv0T7Kk4qushFf/AbfsnZqqHv8k7HC6YUP6rmbt4MBr4KTnoNVG8PCpcNPuMHFksSuTVAX8V09ScX09C+4+Ap4+HzYbCL94ETr1KXZVUrZ16A0nPA0H3ZA+Ybp5D3jgZCifWuzKJP0ABnNJxfPZCLh+R/j4edjnr3D4HdCkVbGrkmqGevWg1+GpveKOZ6XuRf/oDS9elhZNS6pxDOaSql9lJbz0NxjyYyhpCCc+DX1P9jbk0tpo1DTNNT/19bRI9LmL4Nq+8O6jqcORpBrDYC6pes2bDnccnBawdTsAfv4ibLhNsauSar7WG8MRd8LRD0H9xnDvT+FfB8L0d4tdmaQ8GcwlVZ+PX0hTVz4fAftdCYfeYrs3qap13Q1+8Qrs8xeY8iZc1x8ePwcWzC52ZZJWw2AuqfAqK+D5P8PtB0DjFqmjRO/jnLoiFUpJfej7czj9Teh9LIy8Ea7aFkbelP48Ssokg7mkwiqfmgL5C5dCryPgpOehXfdiVyXVDeu2gUFXpClj63eDx34D/9wZPn252JVJWgmDuaTCmTA8TV2ZPCrdwfOg69NCNUnVa4MecNyjMHgILJyTFl7fdyx89XmxK5O0HIO5pKpXsQSG/xHuOASarg8n/we2/kmRi5LquBCg+0Fw2kjY9X/hg6fg6j5pmtnir4tdnSQM5pKq2lcT02jcy1ekeeQnPQdtNy92VZKWadAEdj03BfTN903TzK4uhbHDbK8oFZnBXFLVee/xNHVl2jg45ObUeaVBk2JXJWllWnaCwbfC8U/AOq3h/hPh1n1h6lvFrkyqswzmkn64pYvhyf+Fe46Elj9KC816HFrsqiTlY6Md4OQX0n+kv3wf/rkL/PtMmP9lsSuT6hyDuaQfZtYncMve8No1sN3P4WfDoU3XYlclaU3UK0lTz04fDf1OgTfvSO0VR1yb1oxIqhYGc0lrb9xDqfXazI/gsH/Bvn+B+o2KXZWktdWkJQz8PzjlVehYCk/9D1y3Q+qwJKngDOaqfebPLHYFtd+Shakf8tBjYb1N4RcvQrf9i12VpKrSdnM46n448p40Yn7HIXDXEek/4ZIKxmCu2uXVq+GvG8O128NLf4PZnxW7otrnywlw0x7pDoLbnwbHPwmtOhe7KklVLQTYfB849XXY4//Bpy/BNX3hmT/AornFrk6qlUKsY62RSktLY1lZWbHLUCG8/wTcfSR03jGN8Ex8LW3v1C8tROx+EKy7XnFrrOneHgqP/gpKGsCB18PmA4tdkaTqMvcLePZCGHMnNG0He/wReh4B9Rzjk1YmhDAqxli6RucYzFUrfPFOWoDYZpPU+qvhOmm0/J37YexQmD4eQgl0HQA9D0u9e70DZf4Wfw1PnANv/gt+tH1qhdiiQ7GrklQMk0alvw8ml0GH3rDPX9J8dEkrMJjnwWBeC82bDjcOgMql6WY2zTf872OmjUsBfewwmDMR6jeBLfaFHoOh6+5Qv2H1111TTH8Phh4HM96Dnc5KdwwsqV/sqiQVU2UlvH0vDL8A5k2DXkemEfRmGxS7MikzDOZ5MJjXMksWwm37wRdj4YQnYMNtVn18ZSVMegPevg/GPQgLZkHjltD9QOhxWBoN9mPZJMb0kfVjZ6dPFw76J2yye7GrkpQli+am9TwjroGShrDTb2D7U+3OJGEwz4vBvBaJER78eRq1GXxbCtdromIJfPR8Gkl/7zFYMh+ad4CtDkkj6Rv0SIuf6qJF8+Cxs9LPtvNOcMhNjoRJ+n4zP4Knfw/vPwatusDef04LR+vq36ESBvO8GMxrkRcvg+cuggHnw86//WGvtXh+Wjw6dmjq11u5FNbbHHoOhq0OhdZdqqbmmuCLsWnqyqyPYZfzYOez081HJGl1PnoOnjgv3UG06wDY+/9g/S2KXZVUFAbzPBjMa4nxj8B9R6fpJwffULWjMl/PgvEPpfnon72StnXsk0bRux8ETdevumtlSYxQdgs8+T/QpFUaJe+yU7GrklTTVCxJ7VSf/z9YPA+2Oxl2PTf9vSLVIQbzPBjMa4EpY+DWfaBddzj2UWjQuHDX+mpirrPLMJg2NnV22XjXFNK3+DE0bl64a1enhXPg32emefeb7JFaITZtW+yqJNVk87+E5y6GUUNgndbp081tj/UTONUZBvM8GMxruPKpqQNLvZLUgaU6R6+nv5sC+tih8NVnUL8xbDYwhfRN96y5i50mj4Zhx6f/hOz+e9jhTBfASqo6U9+GJ89Ln0Bu0AMGXgqd+xe7qrUTIyxZkBa9Lp4Hi8rT80Xzcl/Lc9vnLre9fLnjc9srlqT7a/Q/c+WdxFQrGMzzYDCvwRZ/DUP2hRkfwIlPwwZbFaeOGGHSyBTQ33kAvv4SGreAbgekkL5R/5oxIhQjvH59WrDVtB0cegv8qG+xq5JUG8WYPpF7+vdQPilNC9zzImjZqXquv3RxLhzPXX1oXv6xsu2xYvXXC/WgUTNo1BwaNs09b5Y6XDVqltY1jX8k/Vux7THQ/1fV97NQtTGY58FgXkNVVqZR3fEPw5F3p9X+WVCxFD75TxpJf/ff6S/xZu1znV0OhfZbZ7Mrwdez4OHTUgeFzfaBA69NHzVLUiEt/hpeuRJe+TsQYMdfwQ5npJvCfVdlRZ6huXy5EevvGcmuWJRffctC9Aph+juPb/Y1/zZoN2oGDZc7pkGT1f/dP/tTeOny1JaWANv8FHY8C1pttIY/VGWVwTwPBvMa6vk/wwuXphGW/mcUu5qVW/w1fPBkCukfPg2VS6DNpmkUvceh0KZrsStMJr4Bw05It9fe80Lod0o2//Mgqfb6aiI88/s0it68Q/r7cYWR7LmphW0+6jf+TmhuvuLo9HdDc6OmKx/Nbti0ONP4vvocXv57urNyrEw3a9rpLGi9cfXXoiplMM+DwbwGGjsM7j8Rtj4KDri6ZoTIBbPTx5Rjh8KnLwMRNtw2hfStDi5OT/DKSnj1Knj2QmjREQbfmm6nLUnF8ukr8OJf0s3iVhWaGy0XuL87ml3SoNjvomrMmZw+SRh1W2rZ2/Pw1K42K4M6WmMG8zwYzGuYSWVw677QsRSOfgjqNyx2RWtuzmQY90AK6VPfSnMPu+ycQvqW+6X56YU2/0t48Bcw4Zk0F37/f1TPdSVJa6Z8ahpEKbsFKhanfyt2OhvablbsyrSGDOZ5MJjXIHMmwQ27pbmHP3sO1m1T7Ip+uBkfpIA+dijM/gRKGsFme+U6u+xdmNaPn76SPnH4ehYM/DOUnlgzPnWQpLps7jQY8Q8YeXPqBLPVwelmeutvWezKlCeDeR4M5jXEonlwy8DUlvDEZ2rfneNiTG0Kxw5NfdLnT08f0265f5qP3mXnH97ZpbIiLSz6z5/TLbIHD4H2PaukfElSNZn/JYy4Gt64MS1s7XYA7HxO8TqTKW8G8zwYzGuAykq49yj44An4yVDYdI9iV1RYFUvh05dSSB//SGrn1bQddD8Yeg5Oc9PXdIR77jR44CT45IU0Gj/oijQXU5JUM309C0ZcA6//M/07scUg2OUcaN+r2JXpexjM82AwrwGeuSAtgNnnL9D358WupnotWZA6uowdCh88leYXtt4419llMKy36epf46Pn4YGTU1eDff8K2xzl1BVJqi0WzIbXrofXroNFc1LL211+62L+DDKY58FgnnFj7oKHToHSE+DHl9ftQLngq9QbfexQ+ORFIKaRkR6DU5/0794trmIpvHAJvHgZtN08TV1xLqIk1U4L58DrN6RpLgu/gk32hF3OhU59il2ZcgzmeTCYZ9hnI+C2/WCjHeCo+2tPC6yqUD419fsdOxSmjAYCdN4xhfRu+6ce6vf/DD5/NY2Q7/MXaLhusauWJBXawnIYeSO8ejUsmAUb75YC+kbbF7uyOs9gngeDeUbN/hRuHABNWsHPhqevWrkvJ8A7w1JInzkB6jVId5mrrEhzyXsdXuwKJUnVbdE8KLsZXrkKvv4SOu8Eu56XBnFUFAbzPBjMM2hhOdy8F8ydCic9580U8hUjTB2TbsD01eew+x/ym4MuSaq9Fn8No26FV66EedNgo/5pkWiXXer29NAiMJjnwWCeMZUVcNfh8PHzcNQDsPEuxa5IkqSab8kCGH07vHxFGvjq1DcF9K67G9CrydoE83qFKkbKy9Pnp7tR7vtXQ7kkSVWlQZPU2eyMMbDvZemmfXccAjftAR88nT51VeYYzFU8ZbfCa9dC31wXFkmSVLUaNIbtToIz3oRBf4d50+GuwXDDrvDe4wb0jDGYqzg+eREePxs22QP2urjY1UiSVLvVbwSlx8MZo2H/XIvFe46Ef+6Ubm5XWVnsCoXBXMUw8yO492hoswkceguU1C92RZIk1Q0lDWDbo+G0MjjwurRY9L6j4fodU1teA3pRGcxVvRbMhrsOg3olcOQ90LhFsSuSJKnuKWkAW/8ETn0DDr4RKpfA0OPguu1Tt6/KimJXWCcZzFV9Kv8BD+kAACAASURBVJbAfcfC7M/g8DugdZdiVyRJUt1WUh96Hga/fC19ik2A+0+Ea7aDt+5Jd5VWtTGYq3rECE+cC5+8APtdme7uKUmSsqFeCWx1CJzyKhx2O9RvDA/+HK4uhTfvSINrKjiDuarHGzemO5L1PxO2+Wmxq5EkSStTrx50OwB+/hIcfic0agYPnwr/6A2jboOli4tdYa1mMFfhTRgOT54Lm+8Lu19Q7GokSdLq1KsHWw6Cn78IR94L67SGf58B/9gWRt4MSxcVu8JayWCuwprxPgw9HtbvnhaX1CspdkWSJClfIcDmA+Gk5+Gn90OzDeCxs+DKreH1G2DJwmJXWKsYzFU482emDiz1G8ORd0OjpsWuSJIkrY0QYNM94MRn4OgHoeWP4InfwpW94LVc20X9YHUvmM+ZBAvnFLuK2m/p4tQXtXwqHHEXtOxU7IokSdIPFQJ0HQAnPAnH/hvW2xSePC8F9Ff/AYvnF7vCGq3uBfP5X8LV28E793sb2kKJER77NXz2ChxwDXTqU+yKJElSVQoBuuwMxz0Kxz0O628JT58Pf+8BL18Bi+YWu8Iaqe4F87abQbN2MOwEuOPgdBdKVa0RV6fWSjufAz0HF7saSZJUSJ37w7GPwAlPQfutYfgfU0B/8TJYWF7s6mqUEOvYqHFpaWkse+N1GHkTPHsRVCyGnc6C/r+CBo2LXV7N9/4TcPeR0G1/OHRIWtUtSZLqjkll8MJf4MOn0h2++50KfX8OTVoWu7JqFUIYFWMsXaNz6mQwLytL35RPhaf+F8Y9AK27wo//Bl13K26BNdkX78Ate0ObTeD4J6DhOsWuSJIkFcuUN+GFv8L7j0GDdaBDb9hwm/TosC203ChNiamlDOZ5WCGYL/PRc/DYb2DWx7DVobD3n9N0F+Vv3nS4cQBULoWTnoPmGxa7IkmSlAVT34bRt8Hk0TDtnTRbAWCdNrmgvu23Yb3ZBsWttQoZzPOw0mAOqQ/ny1fAy5en9n67/wFKT7Dvdj6WLITb9oMvxsIJT6Q/XJIkSd+1dBFMGwdTRsPkN9PXGe9BrEz7m22YAvqykfUNt0k3N6qBDOZ5+N5gvsyXE+Dx38DH/0m/GX58efoNopWLER44GcbeB4Nvg+4HFrsiSZJUkyyen0bVp4xOo+pT3oRZyzXnaNUlF9Zzgb19rxpxbxSDeR5WG8whhc137k/zz+dNh+1OggHnpwUMWtGLl8FzF6Wfz86/LXY1kiSpNlgwG6aMSWF9yptpdL18UtoX6sF6my83sr4tbLAV1G9U3Jq/w2Ceh7yC+TIL58BzF8MbN0LT9dPc860OqdULFdbI+IfhvmOgx2Fw8A3+XCRJUuHMm54bUV8W1kfD11+mffUaQLvuK46st90CSuoXrVyDeR7WKJgvM3k0PPprmDoGNt41TW9p07UQ5dUcU8bALQPT/1CPfdRWk5IkqXrFCHMmrhjWp4yBRbne6Q3WgQ16rhjWW29cba2cDeZ5WKtgDlBZAWW3wLMXwtKFsONZsOOv62YgLZ8KN+4G9eqnDixN1y92RZIkSVBZmeanL5urPmV0mr++dEHa36gFbLj1itNgWnQsyKf+BvM8rHUwX2buF/DU7+CdYel/XfteBpvsXnUFZt3ir2HIvjDjAzjx6TRiLkmSlFUVS2HGuyuG9WnjUotngHXbpoC+fFhv2vYHX9ZgnocfHMyX+ej5XO/zj9K8873/XKt6b65UZSUMOz7NLT/ybth8n2JXJEmStOaWLEw91ZfNVZ8yGma8D+RycYtO3/ZWX9a2cQ2bgBjM81BlwRzSL+orf4eXLk8rgQecD31+Vnt7nz//Z3jhUtjzIuh/RrGrkSRJqjqL5sLUt1YM67M//XZ/m01WHFnfoOcq73JuMM9DlQbzZWZ+BI+fne4g2n5rGHRF7et9PnYY3H8ibH0UHHC1HVgkSVLt9/Wsb6e/LLsh0typaV8ogfW3XHFkff3uUL9h2m0wX72CBHNIK4PHPQBP/i/Mm5ZGzgecD01aVv21qtukMrh1X+hYCkc/9M1vOEmSpDqnfOpyYT03sr5gdtpX0iitv9twW8Kgv2UnmIcQOgG3A+1IE3ZuiDFeGUL4I3ASMCN36P/GGB/PnfM/wIlABXBGjPGp3PaBwJVACXBTjPGS3PYuwD1AG2AUcHSMcfGq6ipYMF9m4Rx47k8w8kZYZ70097zHoTV3hPmriXDjgPRRzc+eg3XbFLsiSZKk7IgRvvrs25A++U2YOobwuymZCubtgfYxxtEhhGak4HwgcBgwL8Z42XeO7wbcDWwHbAgMBzbL7f4A2BOYBIwEjowxjg8h3Ac8EGO8J4RwPfBWjPG6VdVV8GC+zJQ34dGz0i9Ql11S7/P1Nin8davSonmpV/lXn8GJz8D6WxS7IkmSpOyrrCCU1F/jYF6wDusxxqkxxtG553OBd4EOqzjlAOCeGOOiGOMnwARSSN8OmBBj/Dg3Gn4PcEAIIQADgGG5828jBf9s2HAb+Nnw1E5xyhi4bvu0eHLJwmJXlp/KSnjgZJg+Dg691VAuSZKUr7VsBFIttz4KIXQGtgFez206LYTwdgjhlhBCq9y2DsDE5U6blNv2fdvbAF/FGJd+Z3t21CuB7U6C00ZCtwNSR5Nr+8GE4cWubPWe/X/w/mOw9//BpnsUuxpJkqRar+DBPITQFLgf+FWMsRy4DugKbA1MBf5WDTWcHEIoCyGUzZgxY/UnVLVm7eCQm+CYh1NYv+MQGHpcWjyQRW/emdpAlp4AfX9e7GokSZLqhIIG8xBCA1IovzPG+ABAjHFajLEixlgJ3EiaqgIwGei03Okdc9u+b/tMoGUIof53tv+XGOMNMcbSGGNp27Y//E5Oa23jXeGUV2G338F7j8PVfeC169MdqbLisxHw7zPTvPh9/lJzF61KkiTVMAUL5rk54DcD78YYL19ue/vlDjsIeCf3/BHgiBBCo1y3lU2BN0iLPTcNIXQJITQEjgAeiWnV6vPAobnzjwUeLtT7qTL1G8Eu58AvR0Cn7eDJc+HG3WDSqGJXBrM+gXt/Cq02gsNug5IGxa5IkiSpzijkiHl/4GhgQAhhTO6xL/CXEMLYEMLbwG7ArwFijOOA+4DxwJPAqbmR9aXAacBTpAWk9+WOBTgXOCuEMIE05/zmAr6fqtWmKxx1PwweAvOmw027py4uC74qTj0Ly+HuI6CyAo68F5q0Wv05kiRJqjLeYCgLFpanji1v/BPWaZPrfT64+qaRVCxNofzj5+GoB2DjXarnupIkSbXU2tz5s1q6smg1GjeHfS6Bk/8DLX8ED5wEt+8PX35YPdd/5vcw4RnY96+GckmSpCIxmGdJ+17pRj4/vhymvAXX7QDPXQxLFhTummW3wmvXQt9TUhcWSZIkFYXBPGvqlUCfE+H0Muh+ELz419T7/MMC9D7/+AV4/GzYZA/Y6+Kqf31JkiTlzWCeVU3Xh4NvgGMegXoN4M5D4L5joHxK1bz+lxPS67XZBA69BUrqr/4cSZIkFYzBPOs23gVOeQUGnA8fPJXrfX7dD+t9vmA23H14Gp0/8h5o3KLq6pUkSdJaMZjXBPUbwc6/Tb3Pf9QPnjwPbtwVJq1Fd5mKJXDfsTD7Mzj8DmjdpcrLlSRJ0pozmNckrTeGnw6DwbfB/C/hpj3g0V+nEfB8xAhPnAOfvAD7XQkb7VDYeiVJkpQ3g3lNEwJ0PxBOGwn9ToFRQ9L0lrfuTcF7Vd64Acpugf5nwjY/rZZyJUmSlB+DeU3VqBkM/L9c7/ON4MGT4bb9YMYHKz/+w+FpCszm+8LuF1RnpZIkScqDwbymW9b7fNAV8MXbqff5sxet2Pt8+nsw7HhYvzscfGNa9ClJkqRMMZjXBvXqpZsDnTYKtjoEXroMrukLHzwN82emDiz1G8ORd0OjpsWuVpIkSSth8+rapGlbOPifaf74Y7+BuwbDuuvDwjlw3GPQslOxK5QkSdL3cMS8NuqyM/ziFRjwe4gVcOC10KlPsauSJEnSKjhiXlvVbwg7n50ekiRJyjxHzCVJkqQMMJhLkiRJGWAwlyRJkjLAYC5JkiRlgMFckiRJygCDuSRJkpQBBnNJkiQpAwzmkiRJUgYYzCVJkqQMMJhLkiRJGWAwlyRJkjLAYC5JkiRlgMFckiRJygCDuSRJkpQBBnNJkiQpAwzmkiRJUgYYzCVJkqQMMJhLkiRJGWAwlyRJkjLAYC5JkiRlgMFckiRJygCDuSRJkpQBBnNJkiQpAwzmkiRJUgYYzCVJkqQMMJhLkiRJGWAwlyRJkjLAYC5JkiRlgMFckiRJygCDuSRJkpQBBnNJkiQpAwzmkiRJUgYYzCVJkqQMMJhLkiRJGWAwlyRJkjLAYC5JkiRlgMFckiRJygCDuSRJkpQBBnNJkiQpAwzmkiRJUgYYzCVJkqQMMJhLkiRJGWAwlyRJkjLAYC5JkiRlgMFckiRJygCDuSRJkpQBBnNJkiQpAwzmkiRJUgYYzCVJkqQMMJhLkiRJGWAwlyRJkjLAYC5JkiRlgMFckiRJygCDuSRJkpQBBnNJkiQpAwoWzEMInUIIz4cQxocQxoUQzsxtbx1CeCaE8GHua6vc9hBCuCqEMCGE8HYIYdvlXuvY3PEfhhCOXW577xDC2Nw5V4UQQqHejyRJklRIeQXzEMKZIYTmufB8cwhhdAhhr9WcthT4TYyxG9APODWE0A04D3g2xrgp8Gzue4B9gE1zj5OB63LXbg1cAPQFtgMuWBbmc8ectNx5A/N5P5IkSVLW5DtifkKMsRzYC2gFHA1csqoTYoxTY4yjc8/nAu8CHYADgNtyh90GHJh7fgBwe0xeA1qGENoDewPPxBhnxRhnA88AA3P7mscYX4sxRuD25V5LkiRJqlHyDebLpojsC/wrxjhuuW2rPzmEzsA2wOtAuxjj1NyuL4B2uecdgInLnTYpt21V2yetZPvKrn9yCKEshFA2Y8aMfMuWJEmSqk2+wXxUCOFpUjB/KoTQDKjM58QQQlPgfuBXuVH3b+RGuuMa1LtWYow3xBhLY4ylbdu2LfTlJEmSpDWWbzA/kTQXvE+M8WugIXD86k4KITQghfI7Y4wP5DZPy01DIfd1em77ZKDTcqd3zG1b1faOK9kuSZIk1Tj5BvNnYoyjY4xfAcQYZwJXrOqEXIeUm4F3Y4yXL7frEWBZZ5VjgYeX235MboFpP2BObsrLU8BeIYRWuUWfewFP5faVhxD65a51zHKvJUmSJNUo9Ve1M4TQGFgHWC8XipfNK2/O98znXk5/0iLRsSGEMblt/0taNHpfCOFE4DPgsNy+x0lTZSYAX5MbkY8xzgohXASMzB13YYxxVu75L4EhQBPgidxDkiRJqnFCmub9PTtT7/FfARuSpoksC+blwI0xxqsLXmEVKy0tjWVlZcUuQ5IkSbVYCGFUjLF0Tc5Z5Yh5jPFK4MoQwukxxn/8oOokSZIkfa9VBvNlYoz/CCHsAHRe/pwY4+0FqkuSJEmqU/IK5iGEfwFdgTFARW7zspv6SJIkSfqB8grmQCnQLa5qQrokSZKktZZvu8R3gA0KWYgkSZJUl+U7Yr4eMD6E8AawaNnGGOP+BalKkiRJqmPyDeZ/LGQRkiRJUl2Xb1eWFwpdiCRJklSX5duVZS6pCwtAQ6ABMD/G2LxQhUmSJEl1Sb4j5s2WPQ8hBOAAoF+hipIkSZLqmny7snwjJg8BexegHkmSJKlOyncqy8HLfVuP1Nd8YUEqkiRJkuqgfLuy7Lfc86XAp6TpLJIkSZKqQL5zzI8vdCGSJElSXZbXHPMQQscQwoMhhOm5x/0hhI6FLk6SJEmqK/Jd/Hkr8AiwYe7x79w2SZIkSVUg32DeNsZ4a4xxae4xBGhbwLokSZKkOiXfYD4zhHBUCKEk9zgKmFnIwiRJkqS6JN9gfgJwGPAFMBU4FDiuQDVJkiRJdU6+7RIvBI6NMc4GCCG0Bi4jBXZJkiRJP1C+I+Y9l4VygBjjLGCbwpQkSZIk1T35BvN6IYRWy77JjZjnO9ouSZIkaTXyDdd/A0aEEIbmvh8M/KkwJUmSJEl1T753/rw9hFAGDMhtOjjGOL5wZUmSJEl1S97TUXJB3DAuSZIkFUC+c8wlSZIkFZDBXJIkScoAg7kkSZKUAQZzSZIkKQMM5pIkSVIGGMwlSZKkDDCYS5IkSRlgMJckSZIywGAuSZIkZYDBXJIkScoAg7kkSZKUAQZzSZIkKQMM5pIkSVIGGMwlSZKkDDCYS5IkSRlgMJckSZIywGAuSZIkZYDBXJIkScoAg7kkSZKUAQZzSZIkKQMM5pIkSVIGGMwlSZKkDDCYS5IkSRlgMJckSZIywGAuSZIkZYDBXJIkScoAg7kkSZKUAQZzSZIkKQMM5pIkSVIGGMwlSZKkDDCYS5IkSRlgMJckSZIywGAuSZIkZYDBXJIkScoAg7kkSZKUAQZzSZIkKQMM5pIkSVIGGMwlSZKkDDCYS5IkSRlgMJckSZIywGAuSZIkZYDBXJIkScoAg7kkSZKUAQUL5iGEW0II00MI7yy37Y8hhMkhhDG5x77L7fufEMKEEML7IYS9l9s+MLdtQgjhvOW2dwkhvJ7bfm8IoWGh3oskSZJUaIUcMR8CDFzJ9itijFvnHo8DhBC6AUcA3XPnXBtCKAkhlADXAPsA3YAjc8cCXJp7rU2A2cCJBXwvkiRJUkEVLJjHGF8EZuV5+AHAPTHGRTHGT4AJwHa5x4QY48cxxsXAPcABIYQADACG5c6/DTiwSt+AJEmSVI2KMcf8tBDC27mpLq1y2zoAE5c7ZlJu2/dtbwN8FWNc+p3tkiRJUo1U3cH8OqArsDUwFfhbdVw0hHByCKEshFA2Y8aM6rikJEmStEaqNZjHGKfFGCtijJXAjaSpKgCTgU7LHdoxt+37ts8EWoYQ6n9n+/dd94YYY2mMsbRt27ZV82YkSZKkKlStwTyE0H65bw8ClnVseQQ4IoTQKITQBdgUeAMYCWya68DSkLRA9JEYYwSeBw7NnX8s8HB1vAdJkiSpEOqv/pC1E0K4G9gVWC+EMAm4ANg1hLA1EIFPgZ8DxBjHhRDuA8YDS4FTY4wVudc5DXgKKAFuiTGOy13iXOCeEMLFwJvAzYV6L5IkSVKhhTT4XHeUlpbGsrKyYpchSZKkWiyEMCrGWLom53jnT0mSJCkDDOaSJElSBhjMJUmSpAwwmEuSJEkZYDCXJEmSMsBgLkmSJGWAwVySJEnKAIO5JEmSlAEGc0mSJCkDDOaSJElSBhjMJUmSpAwwmEuSJEkZYDCXJEmSMsBgLkmSJGWAwVySJEnKAIO5JEmSlAEGc0mSJCkDDOaSJElSBhjMJUmSpAwwmEuSJEkZYDCXJEmSMsBgLkmSJGWAwVySJEnKAIO5JEmSlAEGc0mSJCkDDOaSJElSBhjMJUmSpAwwmEuSJEkZYDCXJEmSMsBgLkmSJGWAwVySJEnKAIO5JEmSlAEGc0mSJCkDDOaSJElSBhjMJUmSpAwwmEuSJEkZYDCXJEmSMsBgLkmSJGWAwVySJEnKAIO5JEmSlAEGc0mSJCkDDOaSJElSBhjMJUmSpAwwmEuSJEkZYDCXJEmSMsBgLkmSJGWAwVySJEnKAIO5JEmSlAEGc0mSJCkDDOaSJElSBhjMJUmSpAwwmEuSJEkZYDCXJEmSMsBgLkmSJGWAwVySJEnKAIO5JEmSlAEGc0mSJCkDDOaSJElSBhjMJUmSpAwwmEuSJEkZYDCXJEmSMsBgLkmSJGWAwVySJEnKAIO5JEmSlAEGc0mSJCkDDOaSJElSBhjMJUmSpAwwmEuSJEkZYDCXJEmSMqBgwTyEcEsIYXoI4Z3ltrUOITwTQvgw97VVbnsIIVwVQpgQQng7hLDtcuccmzv+wxDCsctt7x1CGJs756oQQijUe5EkSZIKrZAj5kOAgd/Zdh7wbIxxU+DZ3PcA+wCb5h4nA9dBCvLABUBfYDvggmVhPnfMScud991rSZIkSTVGwYJ5jPFFYNZ3Nh8A3JZ7fhtw4HLbb4/Ja0DLEEJ7YG/gmRjjrBjjbOAZYGBuX/MY42sxxgjcvtxrSZIkSTVOdc8xbxdjnJp7/gXQLve8AzBxueMm5batavuklWxfqRDCySGEshBC2YwZM37YO5AkSZIKoGiLP3Mj3bGarnVDjLE0xljatm3b6rikJEmStEaqO5hPy01DIfd1em77ZKDTcsd1zG1b1faOK9kuSZIk1UjVHcwfAZZ1VjkWeHi57cfkurP0A+bkprw8BewVQmiVW/S5F/BUbl95CKFfrhvLMcu9liRJklTj1C/UC4cQ7gZ2BdYLIUwidVe5BLgvhHAi8BlwWO7wx4F9gQnA18DxADHGWSGEi4CRueMujDEuW1D6S1LnlybAE7mHJEmSVCOFNNW77igtLY1lZWXFLkOSJEm1WAhhVIyxdE3O8c6fkiRJUgYYzCVJkqQMMJhLkiRJGWAwlyRJkjLAYC5JkiRlgMFckiRJygCDuSRJkpQBBnNJkiQpAwzmkiRJUgYYzCVJkqQMMJhLkiRJGWAwlyRJkjLAYC5JkiRlgMFckiRJygCDuSRJkpQBBnNJkiQpAwzmkiRJUgbUL3YBkiQtU1EZmTl/EdPLFzGtfCFNG9Vnyw2b07xxg2KXJkkFZzBXjbe0opIPp89j7OQ5jJs8h4mzF7BVhxZsv3EbtvlRSxo3KCl2iVKdF2NkzoIlTMsF7m8fue/nLmJ6+UKmz11ERWX8r/M7tW5Ct/bN6da+BVu2b0a3DZvToWUTQghFeDeSVBgGc9Uoi5dW8sG0uYybMoexk+cwdnI5700tZ9HSSgDWbVhC+5ZN+M/707nq2Q9pWL8evX/Uiu27tmH7rm3o1bElDes7g0uqSvMXLV0xZC97Pnch08sX8kXu+8W5P6fLa9GkARs0b8z6zRux6frr0a55I9o1b0y75o1Zv1kj5ixYwvip5YyfUs74qeU8PX4aMZfbmzeuT7cNU1hPX5uzyfpN/TMuqcYKMf73yERtVlpaGsvKyopdhvKwaGkFH3wxLxfA5zBuyhzemzqXxRXpH/dmjerTvUNzttqwBT06tmCrDi3o0mZd6tULzFmwhJGfzGLExzMZ8dFM3v2inBihSYMSSju3ot/GKaj37NCC+iX+Iy6tzKKlFUwvX8T0uQv5Ys6yke2F30wz+aI8PZ+3aOl/ndukQQkbtGj8X0E7bWtMu2YpjP//9u41tq3zvuP478+LSF1IXa2rndiOL7HjtmmbrnGyDVsvQ7EVbd8MGNYNHbp3HdZu2DC025vuzVCgw7ABAzpsXdd2C9ZtaXdr0a1B2926pG2atI4TW87sOLEsyZYsW6QupEieZy/O4eFFsiU7okhR3w8gHPLhOUePcmLpx4f/5zl3+4nWylpR52ezOlcV1s/PZLVaKEmS4lHTkeGUP7oehPWTY2n1dlEKA2BnmdkPnHOP3NUxBHO0glyhpPOzWZ29uqizQRC/cC2rQsn//zOdjOnURK/eMNGrh4Lt/QNdikS29jH2rZU1PXNpQc8EQX3yWlaSP8L+tkMDOh0E9YfGexXd4jmB3apY8nRjec0P14uVMpL6Ue+bK4V1x8ajpuFUMgzdw6kgaKcTwci3/7gnEduxMpOS53T5xnIY1MvbuWw+3Geir7MS1IPt/n5KYQA0DsF8Cwjmzbe6VtK52YwfwKcWdXY6o5evZVUM6kr7uuJ+AB/3A/gbJnp1YGB7/4DOL+X13UsLevrSvJ6+eEMX55YlSalkTG8/NBCOqJ8YTW85/APN5pzTzZVC1Wh2ddCuBO75pbzqy7gjJg31+CPafthOhIG7POI9kk6qvyu+a8LsXDbvj6xXhfVLc0vhz55KxnRirDasHx3pUSLGvBQArx/BfAsI5jtrZa2ol6YzeuHqos5e9cP4/80thZO7Bro7gpHwdBjGmzGKdT2T09OXboQj6pdvrEjy3yS8/dCAHntgSKcfGNTR4Z5dE0rQHgolT7lCSbmCF0yerB3Z9stM/Odz2XxY6lWtvyteFa79oD2cTmq06vlgd8eeKOtaXStp8lo2COqLemk6o/OzWa2s+aUwsYjpyHDPutH1vq6OJvccwG5DMN8CgnnjLOWrQ7j/dbFqdGqoJ6E3TKR1aqI3LEsZ6022ZNCdvrWqpy/eCGvUr95alSQN9XTo7YcHw9KXw0PdLdl/NI7nOeWKflDOFUpaLZTC4JwPnwdhuljS6lpJ+WI5XNe9Xqi0l8/p7195rbjBCiVlPYlYbQ13OqGRujKTfam7r+Pea0qe06s3lnVuJhuG9ZdmMrqWqZTCjPcm68L69n+SB6C9EMy3gGC+PTK5gl4MRsDPBiukvDK/HK6WMJJO6NR4JYCfmujVSDqxa/+IXVlYqQnqs5mcJGk4lfBXfAmC+n0DXbv2Z9ytnHPKFz3lC14YhOuDc75QH6QrwTm3FjwvloOz/1r5mErwLilX9DZcWWSrOuNRJeMRJePRqq+IkjF/29kRVTIWVSJo76zeJx5VOhkPR72H00n1JFhYq5Hml/I1k0xfms7UDDakEkEpzHjaX8JxrFdHR3p4IwRAEsF8Swjmd29xpaCz05VJmWevLoalHpI01pusCuD+iPhwKtnEHjeWc06Xb9QG9fklf2RtvDepR6uC+v7+rib3dvdyzunWSkFTN1c1dXOlbruquaV8GMLv9ddYRyyiZKwSlMvBORE+D14LgnOyo/x4fXBOhMdXwnYlaEeUiEV409YGcoWSLoSlMH5YPzeT0XJQChONmI7sqy2FOTGW1kA3pTDAXkMw3wKC+Z3dXF4LR8DPBnXhry1UQvhEX2dNAD810auhnkQTe9x8zjldnFsKg/ozlxa0sLwmyb8pSjmknz48pNHe9n3Dcrc2C95TN1fCsFOWSsS0f6BL+/s7NZxKqKujMvKciFVGnKuDc6JqxLkmSMeibsK3ZgAADhhJREFUrMCDbeF5Tq8trNRMMj03k9HMYi7cZ6w3uW6i6X13sbIUgN2HYL4FBPOKG0v5YH3wjF6Y8sN4uZZa8kNluQylXJbCqM/mPM/pwvWsH9Qv3tB3X1nQ4qq/7Nyhoe5wxZfThwe1L9W+b2rKd3rcKHCXH9evf10dvP2v2se9naxFjd1jYXltXSlM9eT37o5oWApTDuzHRlKUwgBtgmC+BXs1mF/P5vTi1UzlZj1XFzVdNZpzcLCrZlLmqfFebsixTUqe07mZTLjiy/deWVA2CKRHhnvCEfVHDw/uqjc+BG/g7uUKJb18balmkum5mWz4byUaMY2mkxrr9Sfx+ttOjYfPO7UvleDTHmAXIJhvwb0Gc+ecSp5T0avfevI8qeh5te0lf1tyTiXPC5+XX68/R/1rleeevy35zz1X/z28Sntp/XlXC54mZyurC5j5o7anxiuTMk+OpwlEO6hY8vTidCasT//+5YVwqbYHR1PhiPqjhwab+ubIOafMalFX1pWZ3D549yRiGwbu/f2dOjBA8AY24nlOUzdXw7A+dXNVM4v+WvTTt1aVr5twHI1YeBfV8d7OqgBfCfLDqYTie2D5S6CVEcy3oO++B93jv/0X64NxqRyiXU0QDsN3i/xnipgUi0QUjVj4FaveRk2xSCTcLx4zHR1O6aFxf53wk+NppZKEo1ZSKHk6M7UYjqg/++qCcgVPZtLJsbROHx7UY0cG9baDA9t67W4fvP3HV2+uhiP7ZXcM3v1dSnfu3N0egb2gPBfDD+pBYF/MaWYxp5lF//nMrZxWC7XzMSIm7UslNNrbqbF0sia8j/d1BmvYJ9URI7wDjUIw34KhgyfcB37/i0GQjYSBNlIfcCMRxaKmiG0UfP3XoyZFo5G64+rOscFrNd87GrSZ1Tyv7lt4nBkThfaAfLGkH11Z1P9e9O9K+vxrt7RW8hSNmE5N9IalL4/c36/uTZbL80tN1peZXFnYLHhXh2+CN9DKnHPK5IpBYF/V7GJO04s5zS5WgvzsYm7dv3fJv79EGNiD0fbq0feRdJKad+AeEcy3YK/WmGP3yhVKeu7Vm2Hpyw+v3FLRc4pFTG860KfThwd1fDSl69n8uhCezdX+Ie7uiOrAQNdtR717O3fP7dYB3J1szr9z7PStyqh7/Sh8eaJ6tYHuDo3VlMt01tXBd6qzg/AO1COYbwHBHLvdylpRz16uBPUXri7WrPJA8AZwr5bzRc1mqoJ71ah7eRT+5sr68N7XFa8K651hkB+rqoHf7BM+oN0QzLeAYI52k80VdGVhVWO9SfV1EbwBNFauUFo34j5zq/J8djGn+aW1dcelkrENVpnxy2U649Gacs+IBaWdtnFbufw03FqlbJTfgWgV9xLMefsK7HKpZFwnx5nQC2BnJONRHRzq1sGh7tvuky+WdD2Tr5mkWl0Df34mo7ml/D3ftfdOzFQT1qvnaUUjm7eV55ZFgter55uV26LBG4SN2jb6HtXz2KIRUzwa0cHBLh0bSWmir5P5YwgRzAEAwLZKxPyyugMDXbfdp1DydC2T07VMTvmCF66MVvNV11ZeMtirWlmtvs0LjtuorXIuqeR5Krlge9s2p3yxVNWm4Jz+am31Sxx7d/gZbqe7I6pjoykdH0npeNV2cI/fVXuvIpgDAIAdF49Ggvkvtw/v7cI5FwZ5zzmtrpV0aX5Jk7NLmpzNaPJaVv/+4qy+9P0r4TFDPR06PprSsZGUHgy2x0ZS1Oq3Oa4uAABAA5mZv8RyULKSjEf11u4BvfX+gXAf55zmlvKanM1qcjarC9f87Ze+d6VmnfoDA53hqLof2tM6NNTNmvRtgmAOAADQZGam4VRSw6mkfuLovrDd85yu3FwJA/tkENi/PTkXlsjEIqYH9vUEJTE9Oj6a1vGRlPb3U7++2xDMAQAAWlQkYrp/sFv3D3brZx4aDdvzxZIuzS2HI+uTs1k9/9pN/euPpsN9ujqiOjqS0oMjKR0brZTE7EtRv96qCOYAAAC7TCIW1YmxtE6MpWvas7mCXr6+VBlhn83qqXPX9HfPVurXB7s7dKw82TQI68dHU+qhfr3puAIAAABtIpWM6y339est9/XXtM9X1a+XS2L+/tkrWlmr1K9P9HX6o+pVq8Mc3tetRIw7u+4UgjkAAECbG+pJaOhIQo8fGQrbPM/p6q1Vna+abDo5m9V/XphTsap+/dBQt18KU1USc6C/i/r1BiCYAwAA7EGRiIXrzb/75EjYvlb09Mr8cjDRNKPJ2SWdmbqlr52ZCffpjEd1dKSnsv56MMq+L5Xg7quvA8EcAAAAoY5YJAzbetN42L6cLwb1635Yn7yW0bcn5/QPP5gK9+nvilfWXg/C+rHRlNJJ7lC9FQRzAAAAbKo7EdPDB/r08IG+mvYbS/lwGcdyScyXn7uqpXwx3GdfKqHOeFSxqCkeiSgWNcWiEcUipljEFI8GbZGI4sFr8YgpFjVFy23ha7X7lc8Ri1b2i0WDc9ad29/e6ftFFI1YzffbyU8ACOYAAAC4Z4M9CT3Wk9BjD1Tq153z69fLE00vzy9rreip4DkVS56KJVfzeGWtqKLnVCgFbZ5TIXit6HkqlJxK5TbPhWu474ToBm8eYsGbhnL4r7wpqDy+FwRzAAAAbCsz0/7+Lu3v79I7T4xsfsBd8jynolcJ7eUwXwzCfiEI9MVSJcwXSp5KnlvXVh3+73ye6jcJtW8u6r9fruDd089FMAcAAMCuEomYOiKmDkWa3ZXbso/c/TGt+9MAAAAAewjBHAAAAGgBBHMAAACgBRDMAQAAgBZAMAcAAABaAMEcAAAAaAEEcwAAAKAFEMwBAACAFkAwBwAAAFoAwRwAAABoAQRzAAAAoAUQzAEAAIAWQDAHAAAAWgDBHAAAAGgBBHMAAACgBRDMAQAAgBZAMAcAAABaAMEcAAAAaAHmnGt2H3aUmc1JerXZ/dhhQ5Lmm90JNBTXeG/gOu8NXOe9gevc/o4751J3c0CsUT1pVc65fc3uw04zs2edc480ux9oHK7x3sB13hu4znsD17n9mdmzd3sMpSwAAABACyCYAwAAAC2AYL43/HmzO4CG4xrvDVznvYHrvDdwndvfXV/jPTf5EwAAAGhFjJgDAAAALYBg3qbM7ICZfdvMXjKzF83sY83uExrHzKJm9ryZfbXZfUFjmFmfmT1pZufN7JyZnW52n7C9zOw3g9/XZ83sb80s2ew+4fUzs8+Z2XUzO1vVNmBmT5nZy8G2v5l9xOt3m+v86eB39hkz+0cz69vsPATz9lWU9FvOuZOSHpX0a2Z2ssl9QuN8TNK5ZncCDfUnkv7NOfegpDeJ691WzGxC0kclPeKcOyUpKukXmtsrbJPPS3pPXdvHJX3TOXdU0jeD59jdPq/11/kpSaecc2+UdEHSJzY7CcG8TTnnZpxzzwWPs/L/iE80t1doBDPbL+nnJH222X1BY5hZr6SflPSXkuScW3PO3Wpur9AAMUmdZhaT1CVpusn9wTZwzv2XpIW65vdL+kLw+AuSPrCjncK22+g6O+e+4ZwrBk+fkbR/s/MQzPcAMzso6c2SvtvcnqBB/ljS70jymt0RNMwhSXOS/iooWfqsmXU3u1PYPs65q5L+UNJrkmYkLTrnvtHcXqGBRpxzM8HjWUkjzewMdsSHJX19s50I5m3OzHokfVnSbzjnMs3uD7aXmb1X0nXn3A+a3Rc0VEzSWyR9xjn3ZknL4qPvthLUGL9f/puwcUndZvZLze0VdoLzl8djibw2Zma/J7/E+InN9iWYtzEzi8sP5U84577S7P6gIR6X9D4zuyzpS5LeYWZ/09wuoQGmJE0558qfej0pP6ijfbxL0ivOuTnnXEHSVyQ91uQ+oXGumdmYJAXb603uDxrEzH5F0nslfdBtYY1ygnmbMjOTX496zjn3R83uDxrDOfcJ59x+59xB+RPFvuWcY5StzTjnZiVdMbPjQdM7Jb3UxC5h+70m6VEz6wp+f79TTPBtZ/8i6UPB4w9J+ucm9gUNYmbvkV9q+j7n3MpWjiGYt6/HJf2y/BHUHwZfP9vsTgG4Z78u6QkzOyPpYUl/0OT+YBsFn4Y8Kek5SS/I//vMnSHbgJn9raSnJR03sykz+1VJn5L0bjN7Wf6nJZ9qZh/x+t3mOv+ppJSkp4Ic9mebnoc7fwIAAADNx4g5AAAA0AII5gAAAEALIJgDAAAALYBgDgAAALQAgjkAAADQAgjmAIB7YmZ9ZvaRquc/ZWZfbWafAGA3I5gDAO5Vn6SPbLoXAGBLCOYAsAeY2UEzO29mnzezC2b2hJm9y8y+Y2Yvm9mPmdmAmf2TmZ0xs2fM7I3BsZ80s8+Z2X+Y2SUz+2hw2k9JeiC4ccang7YeM3sy+F5PBHexBABsQazZHQAA7Jgjkn5e0oclfV/SL0r6cUnvk/S7kq5Iet459wEze4ekL8q/y6gkPSjpp+XfxW7SzD4j6eOSTjnnHpb8UhZJb5b0kKRpSd+Rfxfi/9mJHw4AdjtGzAFg73jFOfeCc86T9KKkbzr/9s8vSDooP6T/tSQ5574ladDM0sGxX3PO5Z1z85KuSxq5zff4nnNuKvgePwzOCwDYAoI5AOwd+arHXtVzT5t/glp9bOkO+291PwBAHYI5AKDsvyV9UArLUuadc5k77J+VX9oCANgGjGQAAMo+KelzZnZG0oqkD91pZ+fcjWDy6FlJX5f0tcZ3EQDal/nlhQAAAACaiVIWAAAAoAUQzAEAAIAWQDAHAAAAWgDBHAAAAGgBBHMAAACgBRDMAQAAgBZAMAcAAABaAMEcAAAAaAH/DzTh3X2MROO4AAAAAElFTkSuQmCC\n",
      "text/plain": [
       "<Figure size 864x576 with 1 Axes>"
      ]
     },
     "metadata": {
      "needs_background": "light"
     },
     "output_type": "display_data"
    }
   ],
   "source": [
    "import matplotlib.pyplot as plt\n",
    "%matplotlib inline\n",
    "ax = arrest_count.plot(x = 'month', y = 'arrest_count', figsize = (12,8))\n",
    "crime_count.plot (ax = ax, x = 'month', y = 'crime_count', figsize = (12,8))\n",
    "plt.ylabel('counts')"
   ]
  },
  {
   "cell_type": "code",
   "execution_count": null,
   "metadata": {},
   "outputs": [],
   "source": []
  }
 ],
 "metadata": {
  "kernelspec": {
   "display_name": "Python 3",
   "language": "python",
   "name": "python3"
  },
  "language_info": {
   "codemirror_mode": {
    "name": "ipython",
    "version": 3
   },
   "file_extension": ".py",
   "mimetype": "text/x-python",
   "name": "python",
   "nbconvert_exporter": "python",
   "pygments_lexer": "ipython3",
   "version": "3.7.3"
  },
  "latex_envs": {
   "LaTeX_envs_menu_present": true,
   "bibliofile": "biblio.bib",
   "cite_by": "apalike",
   "current_citInitial": 1,
   "eqLabelWithNumbers": true,
   "eqNumInitial": 1,
   "labels_anchors": false,
   "latex_user_defs": false,
   "report_style_numbering": false,
   "user_envs_cfg": false
  },
  "toc": {
   "colors": {
    "hover_highlight": "#DAA520",
    "running_highlight": "#FF0000",
    "selected_highlight": "#FFD700"
   },
   "moveMenuLeft": true,
   "nav_menu": {
    "height": "139.261px",
    "width": "251.989px"
   },
   "navigate_menu": true,
   "number_sections": true,
   "sideBar": true,
   "threshold": 4,
   "toc_cell": true,
   "toc_section_display": "block",
   "toc_window_display": false
  }
 },
 "nbformat": 4,
 "nbformat_minor": 4
}
